Using pre-set license
Built from '2020.2/release' branch; Version is '2020.2.2f1 (068178b99f32) revision 426360'; Using compiler version '192528614'; Build Type 'Release'
OS: 'Windows 10 Home; OS build 19042.928; Version 2009; 64bit' Language: 'ko' Physical Memory: 40898 MB
BatchMode: 1, IsHumanControllingUs: 0, StartBugReporterOnCrash: 0, Is64bit: 1, IsPro: 0

 COMMAND LINE ARGUMENTS:
D:\Unity\2020.2.2f1\Editor\Unity.exe
-adb2
-batchMode
-noUpm
-name
AssetImportWorker0
-projectPath
D:/Unity/2D_StartProgact
-logFile
Logs/AssetImportWorker0.log
-srvPort
8350
Successfully changed project path to: D:/Unity/2D_StartProgact
D:/Unity/2D_StartProgact
Using Asset Import Pipeline V2.
Refreshing native plugins compatible for Editor in 31.41 ms, found 2 plugins.
Preloading 0 native plugins for Editor in 0.00 ms.
Initialize engine version: 2020.2.2f1 (068178b99f32)
[Subsystems] Discovering subsystems at path D:/Unity/2020.2.2f1/Editor/Data/Resources/UnitySubsystems
[Subsystems] Discovering subsystems at path D:/Unity/2D_StartProgact/Assets
GfxDevice: creating device client; threaded=0
Direct3D:
    Version:  Direct3D 11.0 [level 11.1]
    Renderer: NVIDIA GeForce GTX 1060 6GB (ID=0x1c03)
    Vendor:   
    VRAM:     6052 MB
    Driver:   27.21.14.5671
Initialize mono
Mono path[0] = 'D:/Unity/2020.2.2f1/Editor/Data/Managed'
Mono path[1] = 'D:/Unity/2020.2.2f1/Editor/Data/MonoBleedingEdge/lib/mono/unityjit'
Mono config path = 'D:/Unity/2020.2.2f1/Editor/Data/MonoBleedingEdge/etc'
Using monoOptions --debugger-agent=transport=dt_socket,embedding=1,server=y,suspend=n,address=127.0.0.1:56020
Begin MonoManager ReloadAssembly
Registering precompiled unity dll's ...
Register platform support module: D:/Unity/2020.2.2f1/Editor/Data/PlaybackEngines/WindowsStandaloneSupport/UnityEditor.WindowsStandalone.Extensions.dll
Registered in 0.000889 seconds.
Native extension for WindowsStandalone target not found
Refreshing native plugins compatible for Editor in 28.92 ms, found 2 plugins.
Preloading 0 native plugins for Editor in 0.00 ms.
Invoked RoslynAnalysisRunner static constructor.
RoslynAnalysisRunner will not be running.
RoslynAnalysisRunner has terminated.
Mono: successfully reloaded assembly
- Completed reload, in  1.296 seconds
Platform modules already initialized, skipping
Registering precompiled user dll's ...
Registered in 0.004612 seconds.
Begin MonoManager ReloadAssembly
Native extension for WindowsStandalone target not found
Refreshing native plugins compatible for Editor in 29.68 ms, found 2 plugins.
Preloading 0 native plugins for Editor in 0.00 ms.
Invoked RoslynAnalysisRunner static constructor.
RoslynAnalysisRunner will not be running.
RoslynAnalysisRunner has terminated.
Mono: successfully reloaded assembly
- Completed reload, in  0.777 seconds
Platform modules already initialized, skipping
========================================================================
Worker process is ready to serve import requests
Launched and connected shader compiler UnityShaderCompiler.exe after 0.04 seconds
Refreshing native plugins compatible for Editor in 0.45 ms, found 2 plugins.
Preloading 0 native plugins for Editor in 0.00 ms.
Unloading 1809 Unused Serialized files (Serialized files now loaded: 0)
System memory in use before: 85.3 MB.
System memory in use after: 85.3 MB.

Unloading 40 unused Assets to reduce memory usage. Loaded Objects now: 2319.
Total: 1.803800 ms (FindLiveObjects: 0.222200 ms CreateObjectMapping: 0.076700 ms MarkObjects: 1.401500 ms  DeleteObjects: 0.102600 ms)

========================================================================
Received Import Request.
  path: Assets/Ani/Player.controller
  artifactKey: Guid(bac1c8355da5caa4a85951ead4f1d21f) Importer(815301076,1909f56bfc062723c751e8b465ee728b)
Start importing Assets/Ani/Player.controller using Guid(bac1c8355da5caa4a85951ead4f1d21f) Importer(815301076,1909f56bfc062723c751e8b465ee728b)  -> (artifact id: '7d3b6c3ba0715e7befa8035109f1db38') in 0.058135 seconds
  Import took 0.060647 seconds .

========================================================================
Received Import Request.
  Time since last request: 77.223482 seconds.
  path: Assets/Macro/Player.asset
  artifactKey: Guid(07b8c5f4cbd07374b9d28dfdbb2be579) Importer(815301076,1909f56bfc062723c751e8b465ee728b)
Start importing Assets/Macro/Player.asset using Guid(07b8c5f4cbd07374b9d28dfdbb2be579) Importer(815301076,1909f56bfc062723c751e8b465ee728b)  -> (artifact id: '0164c2f22f287745d380fb5f3a613f65') in 0.455397 seconds
  Import took 0.458086 seconds .

========================================================================
Received Import Request.
  Time since last request: 139.499273 seconds.
  path: Assets/Art/Idle/Anim_IDLE_00001.controller
  artifactKey: Guid(698a85890357fd948b060186881d50d3) Importer(815301076,1909f56bfc062723c751e8b465ee728b)
Start importing Assets/Art/Idle/Anim_IDLE_00001.controller using Guid(698a85890357fd948b060186881d50d3) Importer(815301076,1909f56bfc062723c751e8b465ee728b)  -> (artifact id: 'c5c472e6dfef48851db4acc77a4380d5') in 0.013871 seconds
  Import took 0.016544 seconds .

========================================================================
Received Prepare
Registering precompiled user dll's ...
Registered in 0.004564 seconds.
Begin MonoManager ReloadAssembly
Native extension for WindowsStandalone target not found
Refreshing native plugins compatible for Editor in 0.41 ms, found 2 plugins.
Preloading 0 native plugins for Editor in 0.00 ms.
Invoked RoslynAnalysisRunner static constructor.
RoslynAnalysisRunner will not be running.
RoslynAnalysisRunner has terminated.
Mono: successfully reloaded assembly
- Completed reload, in  0.724 seconds
Platform modules already initialized, skipping
Refreshing native plugins compatible for Editor in 0.42 ms, found 2 plugins.
Preloading 0 native plugins for Editor in 0.00 ms.
Unloading 1804 Unused Serialized files (Serialized files now loaded: 0)
System memory in use before: 85.4 MB.
System memory in use after: 85.4 MB.

Unloading 28 unused Assets to reduce memory usage. Loaded Objects now: 2322.
Total: 1.783900 ms (FindLiveObjects: 0.231200 ms CreateObjectMapping: 0.083000 ms MarkObjects: 1.382500 ms  DeleteObjects: 0.086500 ms)

========================================================================
Received Prepare
Registering precompiled user dll's ...
Registered in 0.004623 seconds.
Begin MonoManager ReloadAssembly
Native extension for WindowsStandalone target not found
Refreshing native plugins compatible for Editor in 0.48 ms, found 2 plugins.
Preloading 0 native plugins for Editor in 0.00 ms.
Invoked RoslynAnalysisRunner static constructor.
RoslynAnalysisRunner will not be running.
RoslynAnalysisRunner has terminated.
Mono: successfully reloaded assembly
- Completed reload, in  0.751 seconds
Platform modules already initialized, skipping
Refreshing native plugins compatible for Editor in 0.43 ms, found 2 plugins.
Preloading 0 native plugins for Editor in 0.00 ms.
Unloading 1804 Unused Serialized files (Serialized files now loaded: 0)
System memory in use before: 85.5 MB.
System memory in use after: 85.5 MB.

Unloading 28 unused Assets to reduce memory usage. Loaded Objects now: 2325.
Total: 2.189100 ms (FindLiveObjects: 0.523900 ms CreateObjectMapping: 0.142500 ms MarkObjects: 1.429600 ms  DeleteObjects: 0.091700 ms)

========================================================================
Received Import Request.
  Time since last request: 270.935287 seconds.
  path: Assets/Art/Jump
  artifactKey: Guid(8190d95a8dfe48b4bbaa198fb7c10189) Importer(815301076,1909f56bfc062723c751e8b465ee728b)
Start importing Assets/Art/Jump using Guid(8190d95a8dfe48b4bbaa198fb7c10189) Importer(815301076,1909f56bfc062723c751e8b465ee728b)  -> (artifact id: '9aec29173de5dc122bc23fb91bfc395b') in 0.007004 seconds
  Import took 0.009718 seconds .

========================================================================
Received Import Request.
  Time since last request: 11.002086 seconds.
  path: Assets/Art/Jump/Anim_JUMP_01.png
  artifactKey: Guid(335454f14bf1f4e45a53b05edadac3d6) Importer(815301076,1909f56bfc062723c751e8b465ee728b)
Start importing Assets/Art/Jump/Anim_JUMP_01.png using Guid(335454f14bf1f4e45a53b05edadac3d6) Importer(815301076,1909f56bfc062723c751e8b465ee728b)  -> (artifact id: '99240bf31a2fc89b772e8c7c8f13c1ca') in 0.113161 seconds
  Import took 0.116707 seconds .

========================================================================
Received Import Request.
  Time since last request: 0.000222 seconds.
  path: Assets/Art/Jump/Anim_JUMP_03.png
  artifactKey: Guid(b2e37d9291ca30447b52517e430fe462) Importer(815301076,1909f56bfc062723c751e8b465ee728b)
Start importing Assets/Art/Jump/Anim_JUMP_03.png using Guid(b2e37d9291ca30447b52517e430fe462) Importer(815301076,1909f56bfc062723c751e8b465ee728b)  -> (artifact id: 'f400a49c3f6ac7af0cd8da122dea5a75') in 0.009658 seconds
  Import took 0.012236 seconds .

========================================================================
Received Import Request.
  Time since last request: 0.000279 seconds.
  path: Assets/Art/Jump/Anim_JUMP_08.png
  artifactKey: Guid(ca334d055d10d2b46b7931c3a89dd235) Importer(815301076,1909f56bfc062723c751e8b465ee728b)
Start importing Assets/Art/Jump/Anim_JUMP_08.png using Guid(ca334d055d10d2b46b7931c3a89dd235) Importer(815301076,1909f56bfc062723c751e8b465ee728b)  -> (artifact id: '9f461308f697e6dc5edac37eab82b2d0') in 0.008632 seconds
  Import took 0.010956 seconds .

========================================================================
Received Import Request.
  Time since last request: 0.000251 seconds.
  path: Assets/Art/Jump/Anim_JUMP_05.png
  artifactKey: Guid(b6506f5657f953e4489cbfb9bcab5756) Importer(815301076,1909f56bfc062723c751e8b465ee728b)
Start importing Assets/Art/Jump/Anim_JUMP_05.png using Guid(b6506f5657f953e4489cbfb9bcab5756) Importer(815301076,1909f56bfc062723c751e8b465ee728b)  -> (artifact id: 'ed5b7db25ea2b45b82cae862e1ad1d79') in 0.011435 seconds
  Import took 0.013728 seconds .

========================================================================
Received Import Request.
  Time since last request: 0.000214 seconds.
  path: Assets/Art/Jump/Anim_JUMP_09.png
  artifactKey: Guid(2b6499ca4e3190541823fc4591782b45) Importer(815301076,1909f56bfc062723c751e8b465ee728b)
Start importing Assets/Art/Jump/Anim_JUMP_09.png using Guid(2b6499ca4e3190541823fc4591782b45) Importer(815301076,1909f56bfc062723c751e8b465ee728b)  -> (artifact id: '69815c3459a44efa3361b0ba32c1f6f3') in 0.011256 seconds
  Import took 0.013625 seconds .

========================================================================
Received Import Request.
  Time since last request: 0.000241 seconds.
  path: Assets/Art/Jump/Anim_JUMP_12.png
  artifactKey: Guid(a366f3988dca82b4db291ae426e3e958) Importer(815301076,1909f56bfc062723c751e8b465ee728b)
Start importing Assets/Art/Jump/Anim_JUMP_12.png using Guid(a366f3988dca82b4db291ae426e3e958) Importer(815301076,1909f56bfc062723c751e8b465ee728b)  -> (artifact id: '4f70d3ffca2eafa86e80406a0ac92703') in 0.008416 seconds
  Import took 0.010754 seconds .

========================================================================
Received Import Request.
  Time since last request: 0.000255 seconds.
  path: Assets/Art/Jump/Anim_JUMP_07.png
  artifactKey: Guid(e91f230cbab13cc43b14a837a4799740) Importer(815301076,1909f56bfc062723c751e8b465ee728b)
Start importing Assets/Art/Jump/Anim_JUMP_07.png using Guid(e91f230cbab13cc43b14a837a4799740) Importer(815301076,1909f56bfc062723c751e8b465ee728b)  -> (artifact id: '6e5b0c837143de8adfccb934a4249ddd') in 0.008658 seconds
  Import took 0.012384 seconds .

========================================================================
Received Import Request.
  Time since last request: 0.000257 seconds.
  path: Assets/Art/Jump/Anim_JUMP_04.png
  artifactKey: Guid(3b0aecfc057921f4db24f6b07a9e266e) Importer(815301076,1909f56bfc062723c751e8b465ee728b)
Start importing Assets/Art/Jump/Anim_JUMP_04.png using Guid(3b0aecfc057921f4db24f6b07a9e266e) Importer(815301076,1909f56bfc062723c751e8b465ee728b)  -> (artifact id: '947c23c22644cfe1c01ccb2d924e9f53') in 0.009078 seconds
  Import took 0.012016 seconds .

========================================================================
Received Import Request.
  Time since last request: 0.000192 seconds.
  path: Assets/Art/Jump/Anim_JUMP_13.png
  artifactKey: Guid(69643b97f86d2164eaf29d22d202f901) Importer(815301076,1909f56bfc062723c751e8b465ee728b)
Start importing Assets/Art/Jump/Anim_JUMP_13.png using Guid(69643b97f86d2164eaf29d22d202f901) Importer(815301076,1909f56bfc062723c751e8b465ee728b)  -> (artifact id: '3ff2517d5b605aaa95362ef6f7785071') in 0.008644 seconds
  Import took 0.010986 seconds .

========================================================================
Received Import Request.
  Time since last request: 0.000218 seconds.
  path: Assets/Art/Jump/Anim_JUMP_18.png
  artifactKey: Guid(64f19e41b2edaa7418b1d5847aecca3e) Importer(815301076,1909f56bfc062723c751e8b465ee728b)
Start importing Assets/Art/Jump/Anim_JUMP_18.png using Guid(64f19e41b2edaa7418b1d5847aecca3e) Importer(815301076,1909f56bfc062723c751e8b465ee728b)  -> (artifact id: '401c1caf339ad8ccf30db7be47188e6c') in 0.014510 seconds
  Import took 0.017089 seconds .

========================================================================
Received Import Request.
  Time since last request: 0.000166 seconds.
  path: Assets/Art/Jump/Anim_JUMP_17.png
  artifactKey: Guid(ce113a5ce7d27f849818dab50b657870) Importer(815301076,1909f56bfc062723c751e8b465ee728b)
Start importing Assets/Art/Jump/Anim_JUMP_17.png using Guid(ce113a5ce7d27f849818dab50b657870) Importer(815301076,1909f56bfc062723c751e8b465ee728b)  -> (artifact id: 'a62861ecbbc7de631b6b97ae6c881b93') in 0.008999 seconds
  Import took 0.011529 seconds .

========================================================================
Received Import Request.
  Time since last request: 0.000169 seconds.
  path: Assets/Art/Jump/Anim_JUMP_11.png
  artifactKey: Guid(6cd934fa45b8a1b448bfb5c7dc0da761) Importer(815301076,1909f56bfc062723c751e8b465ee728b)
Start importing Assets/Art/Jump/Anim_JUMP_11.png using Guid(6cd934fa45b8a1b448bfb5c7dc0da761) Importer(815301076,1909f56bfc062723c751e8b465ee728b)  -> (artifact id: 'b883d7099263bf89e2e5c31f086222a7') in 0.010803 seconds
  Import took 0.013345 seconds .

========================================================================
Received Import Request.
  Time since last request: 0.000165 seconds.
  path: Assets/Art/Jump/Anim_JUMP_10.png
  artifactKey: Guid(25f8e1b23e7a40646b78be9475ac013e) Importer(815301076,1909f56bfc062723c751e8b465ee728b)
Start importing Assets/Art/Jump/Anim_JUMP_10.png using Guid(25f8e1b23e7a40646b78be9475ac013e) Importer(815301076,1909f56bfc062723c751e8b465ee728b)  -> (artifact id: 'c8ef884e271a552b346b2b3e551afd0a') in 0.010640 seconds
  Import took 0.013058 seconds .

========================================================================
Received Import Request.
  Time since last request: 0.000216 seconds.
  path: Assets/Art/Jump/Anim_JUMP_19.png
  artifactKey: Guid(cfc7e141befaac44f95f070be1346052) Importer(815301076,1909f56bfc062723c751e8b465ee728b)
Start importing Assets/Art/Jump/Anim_JUMP_19.png using Guid(cfc7e141befaac44f95f070be1346052) Importer(815301076,1909f56bfc062723c751e8b465ee728b)  -> (artifact id: 'e5e91e7cc61a604287a2c8c697238299') in 0.008561 seconds
  Import took 0.019953 seconds .

========================================================================
Received Import Request.
  Time since last request: 0.000202 seconds.
  path: Assets/Art/Jump/Anim_JUMP_15.png
  artifactKey: Guid(f108b8dc91b85f94dac3108a7cba6eca) Importer(815301076,1909f56bfc062723c751e8b465ee728b)
Start importing Assets/Art/Jump/Anim_JUMP_15.png using Guid(f108b8dc91b85f94dac3108a7cba6eca) Importer(815301076,1909f56bfc062723c751e8b465ee728b)  -> (artifact id: 'e00d5e25db84167d770e4c355bbf6d97') in 0.011219 seconds
  Import took 0.022826 seconds .

========================================================================
Received Import Request.
  Time since last request: 0.000205 seconds.
  path: Assets/Art/Jump/Anim_JUMP_14.png
  artifactKey: Guid(53c9194c453f0264197b2c5d5d2118ee) Importer(815301076,1909f56bfc062723c751e8b465ee728b)
Start importing Assets/Art/Jump/Anim_JUMP_14.png using Guid(53c9194c453f0264197b2c5d5d2118ee) Importer(815301076,1909f56bfc062723c751e8b465ee728b)  -> (artifact id: '83cf76fa74961cbef10d02ab12b6f069') in 0.009316 seconds
  Import took 0.011660 seconds .

========================================================================
Received Import Request.
  Time since last request: 0.000212 seconds.
  path: Assets/Art/Jump/Anim_JUMP_16.png
  artifactKey: Guid(48f56a68abb5dd24e80c0fa8f7a54fe1) Importer(815301076,1909f56bfc062723c751e8b465ee728b)
Start importing Assets/Art/Jump/Anim_JUMP_16.png using Guid(48f56a68abb5dd24e80c0fa8f7a54fe1) Importer(815301076,1909f56bfc062723c751e8b465ee728b)  -> (artifact id: 'e3d70472f88bd29d2c4040af1d123f67') in 0.008331 seconds
  Import took 0.010672 seconds .

========================================================================
Received Import Request.
  Time since last request: 0.000273 seconds.
  path: Assets/Art/Jump/Anim_JUMP_06.png
  artifactKey: Guid(b5c7e18c656d4c643877864aee1656d1) Importer(815301076,1909f56bfc062723c751e8b465ee728b)
Start importing Assets/Art/Jump/Anim_JUMP_06.png using Guid(b5c7e18c656d4c643877864aee1656d1) Importer(815301076,1909f56bfc062723c751e8b465ee728b)  -> (artifact id: '3e6bd591bc60c79e41b4ca3171459931') in 0.008321 seconds
  Import took 0.010693 seconds .

========================================================================
Received Import Request.
  Time since last request: 0.000268 seconds.
  path: Assets/Art/Jump/Anim_JUMP_02.png
  artifactKey: Guid(0fe337c1fb24cc14d87e2334ce28fc88) Importer(815301076,1909f56bfc062723c751e8b465ee728b)
Start importing Assets/Art/Jump/Anim_JUMP_02.png using Guid(0fe337c1fb24cc14d87e2334ce28fc88) Importer(815301076,1909f56bfc062723c751e8b465ee728b)  -> (artifact id: 'e832f845a08028147d4a618422e995a7') in 0.008406 seconds
  Import took 0.010850 seconds .

========================================================================
Received Import Request.
  Time since last request: 117.305552 seconds.
  path: Assets/Art/Jump/Jump.anim
  artifactKey: Guid(125e25a2d6a5d3b4299218d36463ed36) Importer(815301076,1909f56bfc062723c751e8b465ee728b)
Start importing Assets/Art/Jump/Jump.anim using Guid(125e25a2d6a5d3b4299218d36463ed36) Importer(815301076,1909f56bfc062723c751e8b465ee728b)  -> (artifact id: 'b5dd8bdad36e834c2091306810201945') in 0.004665 seconds
  Import took 0.007497 seconds .

========================================================================
Received Import Request.
  Time since last request: 0.040575 seconds.
  path: Assets/Art/Jump/Jump.anim
  artifactKey: Guid(125e25a2d6a5d3b4299218d36463ed36) Importer(815301076,1909f56bfc062723c751e8b465ee728b)
Start importing Assets/Art/Jump/Jump.anim using Guid(125e25a2d6a5d3b4299218d36463ed36) Importer(815301076,1909f56bfc062723c751e8b465ee728b)  -> (artifact id: 'b5dd8bdad36e834c2091306810201945') in 0.001923 seconds
  Import took 0.004661 seconds .

========================================================================
Received Prepare
Registering precompiled user dll's ...
Registered in 0.004570 seconds.
Begin MonoManager ReloadAssembly
Native extension for WindowsStandalone target not found
Refreshing native plugins compatible for Editor in 0.41 ms, found 2 plugins.
Preloading 0 native plugins for Editor in 0.00 ms.
Invoked RoslynAnalysisRunner static constructor.
RoslynAnalysisRunner will not be running.
RoslynAnalysisRunner has terminated.
Mono: successfully reloaded assembly
- Completed reload, in  0.690 seconds
Platform modules already initialized, skipping
Refreshing native plugins compatible for Editor in 0.47 ms, found 2 plugins.
Preloading 0 native plugins for Editor in 0.00 ms.
Unloading 1804 Unused Serialized files (Serialized files now loaded: 0)
System memory in use before: 88.7 MB.
System memory in use after: 88.7 MB.

Unloading 28 unused Assets to reduce memory usage. Loaded Objects now: 2334.
Total: 2.493500 ms (FindLiveObjects: 0.496800 ms CreateObjectMapping: 0.172400 ms MarkObjects: 1.726100 ms  DeleteObjects: 0.096400 ms)

========================================================================
Received Prepare
Registering precompiled user dll's ...
Registered in 0.004804 seconds.
Begin MonoManager ReloadAssembly
Native extension for WindowsStandalone target not found
Refreshing native plugins compatible for Editor in 0.47 ms, found 2 plugins.
Preloading 0 native plugins for Editor in 0.00 ms.
Invoked RoslynAnalysisRunner static constructor.
RoslynAnalysisRunner will not be running.
RoslynAnalysisRunner has terminated.
Mono: successfully reloaded assembly
- Completed reload, in  0.723 seconds
Platform modules already initialized, skipping
Refreshing native plugins compatible for Editor in 0.88 ms, found 2 plugins.
Preloading 0 native plugins for Editor in 0.00 ms.
Unloading 1804 Unused Serialized files (Serialized files now loaded: 0)
System memory in use before: 88.8 MB.
System memory in use after: 88.8 MB.

Unloading 28 unused Assets to reduce memory usage. Loaded Objects now: 2337.
Total: 1.741700 ms (FindLiveObjects: 0.179500 ms CreateObjectMapping: 0.065100 ms MarkObjects: 1.409400 ms  DeleteObjects: 0.086900 ms)

========================================================================
Received Import Request.
  Time since last request: 243.762767 seconds.
  path: ProjectSettings/TagManager.asset
  artifactKey: Guid(00000000000000003000000000000000) Importer(815301076,1909f56bfc062723c751e8b465ee728b)
Start importing ProjectSettings/TagManager.asset using Guid(00000000000000003000000000000000) Importer(815301076,1909f56bfc062723c751e8b465ee728b)  -> (artifact id: 'e8c3ab6b558fa7fe7c42e9a55a892947') in 0.012742 seconds
  Import took 0.015574 seconds .

========================================================================
Received Prepare
Registering precompiled user dll's ...
Registered in 0.004560 seconds.
Begin MonoManager ReloadAssembly
Native extension for WindowsStandalone target not found
Refreshing native plugins compatible for Editor in 0.41 ms, found 2 plugins.
Preloading 0 native plugins for Editor in 0.00 ms.
Invoked RoslynAnalysisRunner static constructor.
RoslynAnalysisRunner will not be running.
RoslynAnalysisRunner has terminated.
Mono: successfully reloaded assembly
- Completed reload, in  0.713 seconds
Platform modules already initialized, skipping
Refreshing native plugins compatible for Editor in 0.41 ms, found 2 plugins.
Preloading 0 native plugins for Editor in 0.00 ms.
Unloading 1804 Unused Serialized files (Serialized files now loaded: 0)
System memory in use before: 88.9 MB.
System memory in use after: 88.9 MB.

Unloading 29 unused Assets to reduce memory usage. Loaded Objects now: 2340.
Total: 2.568800 ms (FindLiveObjects: 0.252900 ms CreateObjectMapping: 0.065200 ms MarkObjects: 1.983100 ms  DeleteObjects: 0.266300 ms)

========================================================================
Received Prepare
Registering precompiled user dll's ...
Registered in 0.004509 seconds.
Begin MonoManager ReloadAssembly
Native extension for WindowsStandalone target not found
Refreshing native plugins compatible for Editor in 0.41 ms, found 2 plugins.
Preloading 0 native plugins for Editor in 0.00 ms.
Invoked RoslynAnalysisRunner static constructor.
RoslynAnalysisRunner will not be running.
RoslynAnalysisRunner has terminated.
Mono: successfully reloaded assembly
- Completed reload, in  0.734 seconds
Platform modules already initialized, skipping
Refreshing native plugins compatible for Editor in 0.42 ms, found 2 plugins.
Preloading 0 native plugins for Editor in 0.00 ms.
Unloading 1804 Unused Serialized files (Serialized files now loaded: 0)
System memory in use before: 89.0 MB.
System memory in use after: 89.0 MB.

Unloading 28 unused Assets to reduce memory usage. Loaded Objects now: 2343.
Total: 1.828700 ms (FindLiveObjects: 0.270900 ms CreateObjectMapping: 0.083700 ms MarkObjects: 1.372600 ms  DeleteObjects: 0.100500 ms)

========================================================================
Received Prepare
Registering precompiled user dll's ...
Registered in 0.004580 seconds.
Begin MonoManager ReloadAssembly
Native extension for WindowsStandalone target not found
Refreshing native plugins compatible for Editor in 0.43 ms, found 2 plugins.
Preloading 0 native plugins for Editor in 0.00 ms.
Invoked RoslynAnalysisRunner static constructor.
RoslynAnalysisRunner will not be running.
RoslynAnalysisRunner has terminated.
Mono: successfully reloaded assembly
- Completed reload, in  0.703 seconds
Platform modules already initialized, skipping
Refreshing native plugins compatible for Editor in 0.42 ms, found 2 plugins.
Preloading 0 native plugins for Editor in 0.00 ms.
Unloading 1804 Unused Serialized files (Serialized files now loaded: 0)
System memory in use before: 89.1 MB.
System memory in use after: 89.1 MB.

Unloading 28 unused Assets to reduce memory usage. Loaded Objects now: 2346.
Total: 2.393700 ms (FindLiveObjects: 0.537000 ms CreateObjectMapping: 0.139300 ms MarkObjects: 1.622100 ms  DeleteObjects: 0.093800 ms)

========================================================================
Received Prepare
Registering precompiled user dll's ...
Registered in 0.004846 seconds.
Begin MonoManager ReloadAssembly
Native extension for WindowsStandalone target not found
Refreshing native plugins compatible for Editor in 0.43 ms, found 2 plugins.
Preloading 0 native plugins for Editor in 0.00 ms.
Invoked RoslynAnalysisRunner static constructor.
RoslynAnalysisRunner will not be running.
RoslynAnalysisRunner has terminated.
Mono: successfully reloaded assembly
- Completed reload, in  0.720 seconds
Platform modules already initialized, skipping
Refreshing native plugins compatible for Editor in 0.45 ms, found 2 plugins.
Preloading 0 native plugins for Editor in 0.00 ms.
Unloading 1804 Unused Serialized files (Serialized files now loaded: 0)
System memory in use before: 89.2 MB.
System memory in use after: 89.2 MB.

Unloading 28 unused Assets to reduce memory usage. Loaded Objects now: 2349.
Total: 2.006300 ms (FindLiveObjects: 0.293300 ms CreateObjectMapping: 0.097000 ms MarkObjects: 1.519100 ms  DeleteObjects: 0.095500 ms)

========================================================================
Received Prepare
Registering precompiled user dll's ...
Registered in 0.004595 seconds.
Begin MonoManager ReloadAssembly
Native extension for WindowsStandalone target not found
Refreshing native plugins compatible for Editor in 0.44 ms, found 2 plugins.
Preloading 0 native plugins for Editor in 0.00 ms.
Invoked RoslynAnalysisRunner static constructor.
RoslynAnalysisRunner will not be running.
RoslynAnalysisRunner has terminated.
Mono: successfully reloaded assembly
- Completed reload, in  0.717 seconds
Platform modules already initialized, skipping
Refreshing native plugins compatible for Editor in 0.76 ms, found 2 plugins.
Preloading 0 native plugins for Editor in 0.00 ms.
Unloading 1804 Unused Serialized files (Serialized files now loaded: 0)
System memory in use before: 89.3 MB.
System memory in use after: 89.3 MB.

Unloading 28 unused Assets to reduce memory usage. Loaded Objects now: 2352.
Total: 1.897400 ms (FindLiveObjects: 0.332400 ms CreateObjectMapping: 0.104800 ms MarkObjects: 1.364100 ms  DeleteObjects: 0.094700 ms)

========================================================================
Received Prepare
Registering precompiled user dll's ...
Registered in 0.004677 seconds.
Begin MonoManager ReloadAssembly
Native extension for WindowsStandalone target not found
Refreshing native plugins compatible for Editor in 0.43 ms, found 2 plugins.
Preloading 0 native plugins for Editor in 0.00 ms.
Invoked RoslynAnalysisRunner static constructor.
RoslynAnalysisRunner will not be running.
RoslynAnalysisRunner has terminated.
Mono: successfully reloaded assembly
- Completed reload, in  0.690 seconds
Platform modules already initialized, skipping
Refreshing native plugins compatible for Editor in 0.41 ms, found 2 plugins.
Preloading 0 native plugins for Editor in 0.00 ms.
Unloading 1804 Unused Serialized files (Serialized files now loaded: 0)
System memory in use before: 89.4 MB.
System memory in use after: 89.4 MB.

Unloading 28 unused Assets to reduce memory usage. Loaded Objects now: 2355.
Total: 2.134400 ms (FindLiveObjects: 0.335600 ms CreateObjectMapping: 0.089200 ms MarkObjects: 1.614800 ms  DeleteObjects: 0.094100 ms)

========================================================================
Received Prepare
Registering precompiled user dll's ...
Registered in 0.004555 seconds.
Begin MonoManager ReloadAssembly
Native extension for WindowsStandalone target not found
Refreshing native plugins compatible for Editor in 0.41 ms, found 2 plugins.
Preloading 0 native plugins for Editor in 0.00 ms.
Invoked RoslynAnalysisRunner static constructor.
RoslynAnalysisRunner will not be running.
RoslynAnalysisRunner has terminated.
Mono: successfully reloaded assembly
- Completed reload, in  0.704 seconds
Platform modules already initialized, skipping
Refreshing native plugins compatible for Editor in 0.40 ms, found 2 plugins.
Preloading 0 native plugins for Editor in 0.00 ms.
Unloading 1804 Unused Serialized files (Serialized files now loaded: 0)
System memory in use before: 89.5 MB.
System memory in use after: 89.5 MB.

Unloading 28 unused Assets to reduce memory usage. Loaded Objects now: 2358.
Total: 1.730500 ms (FindLiveObjects: 0.271300 ms CreateObjectMapping: 0.073800 ms MarkObjects: 1.293800 ms  DeleteObjects: 0.089900 ms)

========================================================================
Received Prepare
Registering precompiled user dll's ...
Registered in 0.004731 seconds.
Begin MonoManager ReloadAssembly
Native extension for WindowsStandalone target not found
Refreshing native plugins compatible for Editor in 0.42 ms, found 2 plugins.
Preloading 0 native plugins for Editor in 0.00 ms.
Invoked RoslynAnalysisRunner static constructor.
RoslynAnalysisRunner will not be running.
RoslynAnalysisRunner has terminated.
Mono: successfully reloaded assembly
- Completed reload, in  0.705 seconds
Platform modules already initialized, skipping
Refreshing native plugins compatible for Editor in 0.41 ms, found 2 plugins.
Preloading 0 native plugins for Editor in 0.00 ms.
Unloading 1804 Unused Serialized files (Serialized files now loaded: 0)
System memory in use before: 89.6 MB.
System memory in use after: 89.6 MB.

Unloading 28 unused Assets to reduce memory usage. Loaded Objects now: 2361.
Total: 2.915600 ms (FindLiveObjects: 0.418500 ms CreateObjectMapping: 0.147200 ms MarkObjects: 2.177400 ms  DeleteObjects: 0.171300 ms)

========================================================================
Received Prepare
Registering precompiled user dll's ...
Registered in 0.004525 seconds.
Begin MonoManager ReloadAssembly
Native extension for WindowsStandalone target not found
Refreshing native plugins compatible for Editor in 0.41 ms, found 2 plugins.
Preloading 0 native plugins for Editor in 0.00 ms.
Invoked RoslynAnalysisRunner static constructor.
RoslynAnalysisRunner will not be running.
RoslynAnalysisRunner has terminated.
Mono: successfully reloaded assembly
- Completed reload, in  0.713 seconds
Platform modules already initialized, skipping
Refreshing native plugins compatible for Editor in 0.40 ms, found 2 plugins.
Preloading 0 native plugins for Editor in 0.00 ms.
Unloading 1804 Unused Serialized files (Serialized files now loaded: 0)
System memory in use before: 89.7 MB.
System memory in use after: 89.7 MB.

Unloading 28 unused Assets to reduce memory usage. Loaded Objects now: 2364.
Total: 1.783500 ms (FindLiveObjects: 0.185100 ms CreateObjectMapping: 0.072300 ms MarkObjects: 1.435300 ms  DeleteObjects: 0.090100 ms)

========================================================================
Received Prepare
Registering precompiled user dll's ...
Registered in 0.005068 seconds.
Begin MonoManager ReloadAssembly
Native extension for WindowsStandalone target not found
Refreshing native plugins compatible for Editor in 0.42 ms, found 2 plugins.
Preloading 0 native plugins for Editor in 0.00 ms.
Invoked RoslynAnalysisRunner static constructor.
RoslynAnalysisRunner will not be running.
RoslynAnalysisRunner has terminated.
Mono: successfully reloaded assembly
- Completed reload, in  0.686 seconds
Platform modules already initialized, skipping
Refreshing native plugins compatible for Editor in 0.41 ms, found 2 plugins.
Preloading 0 native plugins for Editor in 0.00 ms.
Unloading 1804 Unused Serialized files (Serialized files now loaded: 0)
System memory in use before: 89.8 MB.
System memory in use after: 89.8 MB.

Unloading 28 unused Assets to reduce memory usage. Loaded Objects now: 2367.
Total: 1.926600 ms (FindLiveObjects: 0.227400 ms CreateObjectMapping: 0.094200 ms MarkObjects: 1.497700 ms  DeleteObjects: 0.106500 ms)

========================================================================
Received Prepare
Registering precompiled user dll's ...
Registered in 0.004616 seconds.
Begin MonoManager ReloadAssembly
Native extension for WindowsStandalone target not found
Refreshing native plugins compatible for Editor in 0.41 ms, found 2 plugins.
Preloading 0 native plugins for Editor in 0.00 ms.
Invoked RoslynAnalysisRunner static constructor.
RoslynAnalysisRunner will not be running.
RoslynAnalysisRunner has terminated.
Mono: successfully reloaded assembly
- Completed reload, in  0.721 seconds
Platform modules already initialized, skipping
Refreshing native plugins compatible for Editor in 1.20 ms, found 2 plugins.
Preloading 0 native plugins for Editor in 0.00 ms.
Unloading 1804 Unused Serialized files (Serialized files now loaded: 0)
System memory in use before: 89.9 MB.
System memory in use after: 89.9 MB.

Unloading 28 unused Assets to reduce memory usage. Loaded Objects now: 2370.
Total: 2.131200 ms (FindLiveObjects: 0.381600 ms CreateObjectMapping: 0.100700 ms MarkObjects: 1.507100 ms  DeleteObjects: 0.139500 ms)

========================================================================
Received Prepare
Registering precompiled user dll's ...
Registered in 0.004665 seconds.
Begin MonoManager ReloadAssembly
Native extension for WindowsStandalone target not found
Refreshing native plugins compatible for Editor in 0.42 ms, found 2 plugins.
Preloading 0 native plugins for Editor in 0.00 ms.
Invoked RoslynAnalysisRunner static constructor.
RoslynAnalysisRunner will not be running.
RoslynAnalysisRunner has terminated.
Mono: successfully reloaded assembly
- Completed reload, in  0.732 seconds
Platform modules already initialized, skipping
Refreshing native plugins compatible for Editor in 0.42 ms, found 2 plugins.
Preloading 0 native plugins for Editor in 0.00 ms.
Unloading 1804 Unused Serialized files (Serialized files now loaded: 0)
System memory in use before: 90.0 MB.
System memory in use after: 90.0 MB.

Unloading 28 unused Assets to reduce memory usage. Loaded Objects now: 2373.
Total: 1.865100 ms (FindLiveObjects: 0.316200 ms CreateObjectMapping: 0.101100 ms MarkObjects: 1.349300 ms  DeleteObjects: 0.097400 ms)

========================================================================
Received Prepare
Registering precompiled user dll's ...
Registered in 0.005329 seconds.
Begin MonoManager ReloadAssembly
Native extension for WindowsStandalone target not found
Refreshing native plugins compatible for Editor in 0.43 ms, found 2 plugins.
Preloading 0 native plugins for Editor in 0.00 ms.
Invoked RoslynAnalysisRunner static constructor.
RoslynAnalysisRunner will not be running.
RoslynAnalysisRunner has terminated.
Mono: successfully reloaded assembly
- Completed reload, in  0.723 seconds
Platform modules already initialized, skipping
Refreshing native plugins compatible for Editor in 0.39 ms, found 2 plugins.
Preloading 0 native plugins for Editor in 0.00 ms.
Unloading 1804 Unused Serialized files (Serialized files now loaded: 0)
System memory in use before: 90.0 MB.
System memory in use after: 90.0 MB.

Unloading 28 unused Assets to reduce memory usage. Loaded Objects now: 2376.
Total: 1.806700 ms (FindLiveObjects: 0.264100 ms CreateObjectMapping: 0.069600 ms MarkObjects: 1.370500 ms  DeleteObjects: 0.099400 ms)

========================================================================
Received Prepare
Registering precompiled user dll's ...
Registered in 0.004690 seconds.
Begin MonoManager ReloadAssembly
Native extension for WindowsStandalone target not found
Refreshing native plugins compatible for Editor in 0.41 ms, found 2 plugins.
Preloading 0 native plugins for Editor in 0.00 ms.
Invoked RoslynAnalysisRunner static constructor.
RoslynAnalysisRunner will not be running.
RoslynAnalysisRunner has terminated.
Mono: successfully reloaded assembly
- Completed reload, in  0.713 seconds
Platform modules already initialized, skipping
Refreshing native plugins compatible for Editor in 0.42 ms, found 2 plugins.
Preloading 0 native plugins for Editor in 0.00 ms.
Unloading 1804 Unused Serialized files (Serialized files now loaded: 0)
System memory in use before: 90.1 MB.
System memory in use after: 90.1 MB.

Unloading 28 unused Assets to reduce memory usage. Loaded Objects now: 2379.
Total: 1.852600 ms (FindLiveObjects: 0.301500 ms CreateObjectMapping: 0.092300 ms MarkObjects: 1.362000 ms  DeleteObjects: 0.095400 ms)

========================================================================
Received Prepare
Registering precompiled user dll's ...
Registered in 0.004652 seconds.
Begin MonoManager ReloadAssembly
Native extension for WindowsStandalone target not found
Refreshing native plugins compatible for Editor in 0.48 ms, found 2 plugins.
Preloading 0 native plugins for Editor in 0.00 ms.
Invoked RoslynAnalysisRunner static constructor.
RoslynAnalysisRunner will not be running.
RoslynAnalysisRunner has terminated.
Mono: successfully reloaded assembly
- Completed reload, in  0.721 seconds
Platform modules already initialized, skipping
Refreshing native plugins compatible for Editor in 0.41 ms, found 2 plugins.
Preloading 0 native plugins for Editor in 0.00 ms.
Unloading 1804 Unused Serialized files (Serialized files now loaded: 0)
System memory in use before: 90.2 MB.
System memory in use after: 90.2 MB.

Unloading 28 unused Assets to reduce memory usage. Loaded Objects now: 2382.
Total: 3.882600 ms (FindLiveObjects: 0.503600 ms CreateObjectMapping: 0.165200 ms MarkObjects: 3.080700 ms  DeleteObjects: 0.131100 ms)

========================================================================
Received Prepare
Registering precompiled user dll's ...
Registered in 0.004724 seconds.
Begin MonoManager ReloadAssembly
Native extension for WindowsStandalone target not found
Refreshing native plugins compatible for Editor in 0.42 ms, found 2 plugins.
Preloading 0 native plugins for Editor in 0.00 ms.
Invoked RoslynAnalysisRunner static constructor.
RoslynAnalysisRunner will not be running.
RoslynAnalysisRunner has terminated.
Mono: successfully reloaded assembly
- Completed reload, in  0.717 seconds
Platform modules already initialized, skipping
Refreshing native plugins compatible for Editor in 0.42 ms, found 2 plugins.
Preloading 0 native plugins for Editor in 0.00 ms.
Unloading 1804 Unused Serialized files (Serialized files now loaded: 0)
System memory in use before: 90.3 MB.
System memory in use after: 90.3 MB.

Unloading 28 unused Assets to reduce memory usage. Loaded Objects now: 2385.
Total: 1.823100 ms (FindLiveObjects: 0.282700 ms CreateObjectMapping: 0.088300 ms MarkObjects: 1.353600 ms  DeleteObjects: 0.097400 ms)

========================================================================
Received Prepare
Registering precompiled user dll's ...
Registered in 0.004859 seconds.
Begin MonoManager ReloadAssembly
Native extension for WindowsStandalone target not found
Refreshing native plugins compatible for Editor in 0.42 ms, found 2 plugins.
Preloading 0 native plugins for Editor in 0.00 ms.
Invoked RoslynAnalysisRunner static constructor.
RoslynAnalysisRunner will not be running.
RoslynAnalysisRunner has terminated.
Mono: successfully reloaded assembly
- Completed reload, in  0.722 seconds
Platform modules already initialized, skipping
Refreshing native plugins compatible for Editor in 0.40 ms, found 2 plugins.
Preloading 0 native plugins for Editor in 0.00 ms.
Unloading 1804 Unused Serialized files (Serialized files now loaded: 0)
System memory in use before: 90.4 MB.
System memory in use after: 90.4 MB.

Unloading 28 unused Assets to reduce memory usage. Loaded Objects now: 2388.
Total: 1.974100 ms (FindLiveObjects: 0.361500 ms CreateObjectMapping: 0.093200 ms MarkObjects: 1.419700 ms  DeleteObjects: 0.097200 ms)

========================================================================
Received Prepare
Registering precompiled user dll's ...
Registered in 0.004712 seconds.
Begin MonoManager ReloadAssembly
Native extension for WindowsStandalone target not found
Refreshing native plugins compatible for Editor in 0.46 ms, found 2 plugins.
Preloading 0 native plugins for Editor in 0.00 ms.
Invoked RoslynAnalysisRunner static constructor.
RoslynAnalysisRunner will not be running.
RoslynAnalysisRunner has terminated.
Mono: successfully reloaded assembly
- Completed reload, in  0.767 seconds
Platform modules already initialized, skipping
Refreshing native plugins compatible for Editor in 0.44 ms, found 2 plugins.
Preloading 0 native plugins for Editor in 0.00 ms.
Unloading 1804 Unused Serialized files (Serialized files now loaded: 0)
System memory in use before: 90.5 MB.
System memory in use after: 90.5 MB.

Unloading 28 unused Assets to reduce memory usage. Loaded Objects now: 2391.
Total: 2.260300 ms (FindLiveObjects: 0.381100 ms CreateObjectMapping: 0.128300 ms MarkObjects: 1.639200 ms  DeleteObjects: 0.109100 ms)

========================================================================
Received Import Request.
  Time since last request: 2194.352389 seconds.
  path: Assets/Bullet.png
  artifactKey: Guid(07309f6b3e2d06b42b91091b78158f86) Importer(815301076,1909f56bfc062723c751e8b465ee728b)
Start importing Assets/Bullet.png using Guid(07309f6b3e2d06b42b91091b78158f86) Importer(815301076,1909f56bfc062723c751e8b465ee728b)  -> (artifact id: '2704918b0b16fa83af7f22df0ce1b067') in 0.039686 seconds
  Import took 0.042645 seconds .

========================================================================
Received Import Request.
  Time since last request: 287.182223 seconds.
  path: Assets/Prefabs
  artifactKey: Guid(0dd74160239ddd24cbc28b1231711306) Importer(815301076,1909f56bfc062723c751e8b465ee728b)
Start importing Assets/Prefabs using Guid(0dd74160239ddd24cbc28b1231711306) Importer(815301076,1909f56bfc062723c751e8b465ee728b)  -> (artifact id: 'b3c6f6de4cdb954739f996fe2d291751') in 0.004577 seconds
  Import took 0.007650 seconds .

========================================================================
Received Import Request.
  Time since last request: 7.763376 seconds.
  path: Assets/Prefabs/Bullet.prefab
  artifactKey: Guid(c9b0880c785d2c74c9784c0b98a5b440) Importer(815301076,1909f56bfc062723c751e8b465ee728b)
Start importing Assets/Prefabs/Bullet.prefab using Guid(c9b0880c785d2c74c9784c0b98a5b440) Importer(815301076,1909f56bfc062723c751e8b465ee728b)  -> (artifact id: '0556c62d8255aec6657798d6d7ee3fcc') in 0.009000 seconds
  Import took 0.012022 seconds .

========================================================================
Received Import Request.
  Time since last request: 0.004891 seconds.
  path: Assets/Prefabs/Bullet.prefab
  artifactKey: Guid(c9b0880c785d2c74c9784c0b98a5b440) Importer(815301076,1909f56bfc062723c751e8b465ee728b)
Start importing Assets/Prefabs/Bullet.prefab using Guid(c9b0880c785d2c74c9784c0b98a5b440) Importer(815301076,1909f56bfc062723c751e8b465ee728b)  -> (artifact id: '0556c62d8255aec6657798d6d7ee3fcc') in 0.004140 seconds
  Import took 0.007669 seconds .

========================================================================
Received Import Request.
  Time since last request: 41.760912 seconds.
  path: Assets/Prefabs/Bullet.png
  artifactKey: Guid(afe396b0322948b4993f72c0613afb4f) Importer(815301076,1909f56bfc062723c751e8b465ee728b)
Start importing Assets/Prefabs/Bullet.png using Guid(afe396b0322948b4993f72c0613afb4f) Importer(815301076,1909f56bfc062723c751e8b465ee728b)  -> (artifact id: '9bb50e81773d70d4080463cccdcfaeb7') in 0.010140 seconds
  Import took 0.013336 seconds .

========================================================================
Received Import Request.
  Time since last request: 0.002475 seconds.
  path: Assets/Prefabs/Bullet.png
  artifactKey: Guid(afe396b0322948b4993f72c0613afb4f) Importer(815301076,1909f56bfc062723c751e8b465ee728b)
Start importing Assets/Prefabs/Bullet.png using Guid(afe396b0322948b4993f72c0613afb4f) Importer(815301076,1909f56bfc062723c751e8b465ee728b)  -> (artifact id: '9bb50e81773d70d4080463cccdcfaeb7') in 0.010548 seconds
  Import took 0.014081 seconds .

========================================================================
Received Import Request.
  Time since last request: 19.295463 seconds.
  path: Assets/Prefabs/Bullet.prefab
  artifactKey: Guid(c9b0880c785d2c74c9784c0b98a5b440) Importer(815301076,1909f56bfc062723c751e8b465ee728b)
Start importing Assets/Prefabs/Bullet.prefab using Guid(c9b0880c785d2c74c9784c0b98a5b440) Importer(815301076,1909f56bfc062723c751e8b465ee728b)  -> (artifact id: 'c570ea4e9b96f5c1d07b18ec06a7eaf0') in 0.021963 seconds
  Import took 0.025273 seconds .

========================================================================
Received Prepare
Registering precompiled user dll's ...
Registered in 0.004442 seconds.
Begin MonoManager ReloadAssembly
Native extension for WindowsStandalone target not found
Refreshing native plugins compatible for Editor in 0.45 ms, found 2 plugins.
Preloading 0 native plugins for Editor in 0.00 ms.
Invoked RoslynAnalysisRunner static constructor.
RoslynAnalysisRunner will not be running.
RoslynAnalysisRunner has terminated.
Mono: successfully reloaded assembly
- Completed reload, in  0.732 seconds
Platform modules already initialized, skipping
Refreshing native plugins compatible for Editor in 0.41 ms, found 2 plugins.
Preloading 0 native plugins for Editor in 0.00 ms.
Unloading 1804 Unused Serialized files (Serialized files now loaded: 0)
System memory in use before: 90.6 MB.
System memory in use after: 90.6 MB.

Unloading 28 unused Assets to reduce memory usage. Loaded Objects now: 2401.
Total: 1.932600 ms (FindLiveObjects: 0.209000 ms CreateObjectMapping: 0.095800 ms MarkObjects: 1.529100 ms  DeleteObjects: 0.097700 ms)

========================================================================
Received Import Request.
  Time since last request: 125.657829 seconds.
  path: Assets/Ludiq/Bolt.Core/Generated/Variables/Resources/ApplicationVariables.asset
  artifactKey: Guid(d7db3ae8ad8237945be039570810152e) Importer(815301076,1909f56bfc062723c751e8b465ee728b)
Start importing Assets/Ludiq/Bolt.Core/Generated/Variables/Resources/ApplicationVariables.asset using Guid(d7db3ae8ad8237945be039570810152e) Importer(815301076,1909f56bfc062723c751e8b465ee728b)  -> (artifact id: '7d099d47aaf23496f4e55bd1639cd1d7') in 0.043103 seconds
  Import took 0.045903 seconds .

========================================================================
Received Import Request.
  Time since last request: 0.000271 seconds.
  path: Assets/Ludiq/Bolt.Core/IconMap/Bolt.SceneVariables.png
  artifactKey: Guid(85b733ff25d1eee479a6d510562bd0b2) Importer(815301076,1909f56bfc062723c751e8b465ee728b)
Start importing Assets/Ludiq/Bolt.Core/IconMap/Bolt.SceneVariables.png using Guid(85b733ff25d1eee479a6d510562bd0b2) Importer(815301076,1909f56bfc062723c751e8b465ee728b)  -> (artifact id: '51215f7d9db4cb8bcab1b195d3bf5aef') in 0.027162 seconds
  Import took 0.029737 seconds .

========================================================================
Received Import Request.
  Time since last request: 0.000258 seconds.
  path: Assets/Ludiq/Bolt.Core/IconMap/Bolt.GlobalMessageListener.png
  artifactKey: Guid(0129cf6bb23df2f41824eda97d16ee6e) Importer(815301076,1909f56bfc062723c751e8b465ee728b)
Start importing Assets/Ludiq/Bolt.Core/IconMap/Bolt.GlobalMessageListener.png using Guid(0129cf6bb23df2f41824eda97d16ee6e) Importer(815301076,1909f56bfc062723c751e8b465ee728b)  -> (artifact id: '384aa784321a728ea9fee8411c2e1488') in 0.007733 seconds
  Import took 0.010371 seconds .

========================================================================
Received Import Request.
  Time since last request: 0.000232 seconds.
  path: Assets/Ludiq/Bolt.Core/IconMap/Bolt.AnimatorMessageListener.png
  artifactKey: Guid(21763ada12b1de54a9de03382ecdf3fe) Importer(815301076,1909f56bfc062723c751e8b465ee728b)
Start importing Assets/Ludiq/Bolt.Core/IconMap/Bolt.AnimatorMessageListener.png using Guid(21763ada12b1de54a9de03382ecdf3fe) Importer(815301076,1909f56bfc062723c751e8b465ee728b)  -> (artifact id: '2c844445a7ee1ee30fad9a4f10ba9e9b') in 0.006708 seconds
  Import took 0.009278 seconds .

========================================================================
Received Import Request.
  Time since last request: 0.000243 seconds.
  path: Assets/Ludiq/Bolt.Flow/IconMap/Bolt.FlowMacro.png
  artifactKey: Guid(b33b72199830c924da117a3cf9f3b69e) Importer(815301076,1909f56bfc062723c751e8b465ee728b)
Start importing Assets/Ludiq/Bolt.Flow/IconMap/Bolt.FlowMacro.png using Guid(b33b72199830c924da117a3cf9f3b69e) Importer(815301076,1909f56bfc062723c751e8b465ee728b)  -> (artifact id: '7760729ed1fd65a729b4a35f05519f78') in 0.006515 seconds
  Import took 0.009038 seconds .

========================================================================
Received Import Request.
  Time since last request: 0.000266 seconds.
  path: Assets/Ludiq/Bolt.Flow/IconMap/Bolt.FlowMachine.png
  artifactKey: Guid(fe5b77214c748b64ba5033f2af1b4c34) Importer(815301076,1909f56bfc062723c751e8b465ee728b)
Start importing Assets/Ludiq/Bolt.Flow/IconMap/Bolt.FlowMachine.png using Guid(fe5b77214c748b64ba5033f2af1b4c34) Importer(815301076,1909f56bfc062723c751e8b465ee728b)  -> (artifact id: '1a0587124c2a9ddf990fab140fc37de0') in 0.008266 seconds
  Import took 0.010754 seconds .

========================================================================
Received Import Request.
  Time since last request: 0.656140 seconds.
  path: Assets/Ludiq/Bolt.State/IconMap/Bolt.StateMachine.png
  artifactKey: Guid(78beaf4c6e26bf745b5bc7dfe5d007be) Importer(815301076,1909f56bfc062723c751e8b465ee728b)
Start importing Assets/Ludiq/Bolt.State/IconMap/Bolt.StateMachine.png using Guid(78beaf4c6e26bf745b5bc7dfe5d007be) Importer(815301076,1909f56bfc062723c751e8b465ee728b)  -> (artifact id: '7bd3f2a86ebfe2cd32cf9cac7921e23c') in 0.008674 seconds
  Import took 0.011458 seconds .

========================================================================
Received Import Request.
  Time since last request: 0.000168 seconds.
  path: Assets/Ludiq/Bolt.Core/IconMap/Bolt.Variables.png
  artifactKey: Guid(f4241d97facf9bf4881222c2789a4c14) Importer(815301076,1909f56bfc062723c751e8b465ee728b)
Start importing Assets/Ludiq/Bolt.Core/IconMap/Bolt.Variables.png using Guid(f4241d97facf9bf4881222c2789a4c14) Importer(815301076,1909f56bfc062723c751e8b465ee728b)  -> (artifact id: 'aeca72640f9164438b0ff54c21050261') in 0.005873 seconds
  Import took 0.008252 seconds .

========================================================================
Received Import Request.
  Time since last request: 0.000213 seconds.
  path: Assets/Ludiq/Bolt.Core/IconMap/Bolt.UnityMessageListener.png
  artifactKey: Guid(310bebb331cf47f42b7f0b57b1f5bfcf) Importer(815301076,1909f56bfc062723c751e8b465ee728b)
Start importing Assets/Ludiq/Bolt.Core/IconMap/Bolt.UnityMessageListener.png using Guid(310bebb331cf47f42b7f0b57b1f5bfcf) Importer(815301076,1909f56bfc062723c751e8b465ee728b)  -> (artifact id: '3b641e7b73a71c9b71517faaf22a178a') in 0.006122 seconds
  Import took 0.008571 seconds .

========================================================================
Received Import Request.
  Time since last request: 0.000198 seconds.
  path: Assets/Ludiq/Bolt.State/IconMap/Bolt.StateMacro.png
  artifactKey: Guid(b28af3520c9f270429f383116bd0d368) Importer(815301076,1909f56bfc062723c751e8b465ee728b)
Start importing Assets/Ludiq/Bolt.State/IconMap/Bolt.StateMacro.png using Guid(b28af3520c9f270429f383116bd0d368) Importer(815301076,1909f56bfc062723c751e8b465ee728b)  -> (artifact id: '6f43cfc822dd8dc2b02be4016ceb264b') in 0.007989 seconds
  Import took 0.010414 seconds .

========================================================================
Received Import Request.
  Time since last request: 0.000254 seconds.
  path: Assets/Ludiq/Bolt.Core/IconMap/Bolt.VariablesAsset.png
  artifactKey: Guid(7e1f811eb716b3844aad1127122172ed) Importer(815301076,1909f56bfc062723c751e8b465ee728b)
Start importing Assets/Ludiq/Bolt.Core/IconMap/Bolt.VariablesAsset.png using Guid(7e1f811eb716b3844aad1127122172ed) Importer(815301076,1909f56bfc062723c751e8b465ee728b)  -> (artifact id: '572195a492453855d91390555f1c8a7c') in 0.006208 seconds
  Import took 0.008749 seconds .

========================================================================
Received Import Request.
  Time since last request: 0.000210 seconds.
  path: Assets/Ludiq/Bolt.Core/IconMap/Bolt.VariablesSaver.png
  artifactKey: Guid(c49720c31a0991d48aa5d1fcf9d6d1a6) Importer(815301076,1909f56bfc062723c751e8b465ee728b)
Start importing Assets/Ludiq/Bolt.Core/IconMap/Bolt.VariablesSaver.png using Guid(c49720c31a0991d48aa5d1fcf9d6d1a6) Importer(815301076,1909f56bfc062723c751e8b465ee728b)  -> (artifact id: '331dd3652e36b823b07134fdf1813f2f') in 0.005839 seconds
  Import took 0.008300 seconds .

========================================================================
Received Prepare
Registering precompiled user dll's ...
Registered in 0.004472 seconds.
Begin MonoManager ReloadAssembly
Native extension for WindowsStandalone target not found
Refreshing native plugins compatible for Editor in 0.42 ms, found 2 plugins.
Preloading 0 native plugins for Editor in 0.00 ms.
Invoked RoslynAnalysisRunner static constructor.
RoslynAnalysisRunner will not be running.
RoslynAnalysisRunner has terminated.
Mono: successfully reloaded assembly
- Completed reload, in  0.745 seconds
Platform modules already initialized, skipping
Refreshing native plugins compatible for Editor in 1.02 ms, found 2 plugins.
Preloading 0 native plugins for Editor in 0.00 ms.
Unloading 1804 Unused Serialized files (Serialized files now loaded: 0)
System memory in use before: 90.0 MB.
System memory in use after: 90.0 MB.

Unloading 28 unused Assets to reduce memory usage. Loaded Objects now: 2405.
Total: 2.053000 ms (FindLiveObjects: 0.270500 ms CreateObjectMapping: 0.090400 ms MarkObjects: 1.592100 ms  DeleteObjects: 0.098900 ms)

========================================================================
Received Prepare
Registering precompiled user dll's ...
Registered in 0.004453 seconds.
Begin MonoManager ReloadAssembly
Native extension for WindowsStandalone target not found
Refreshing native plugins compatible for Editor in 0.41 ms, found 2 plugins.
Preloading 0 native plugins for Editor in 0.00 ms.
Invoked RoslynAnalysisRunner static constructor.
RoslynAnalysisRunner will not be running.
RoslynAnalysisRunner has terminated.
Mono: successfully reloaded assembly
- Completed reload, in  0.740 seconds
Platform modules already initialized, skipping
Refreshing native plugins compatible for Editor in 0.41 ms, found 2 plugins.
Preloading 0 native plugins for Editor in 0.00 ms.
Unloading 1804 Unused Serialized files (Serialized files now loaded: 0)
System memory in use before: 90.1 MB.
System memory in use after: 90.1 MB.

Unloading 28 unused Assets to reduce memory usage. Loaded Objects now: 2408.
Total: 2.137300 ms (FindLiveObjects: 0.399400 ms CreateObjectMapping: 0.101200 ms MarkObjects: 1.536500 ms  DeleteObjects: 0.099200 ms)

========================================================================
Received Prepare
Registering precompiled user dll's ...
Registered in 0.004689 seconds.
Begin MonoManager ReloadAssembly
Native extension for WindowsStandalone target not found
Refreshing native plugins compatible for Editor in 0.46 ms, found 2 plugins.
Preloading 0 native plugins for Editor in 0.00 ms.
Invoked RoslynAnalysisRunner static constructor.
RoslynAnalysisRunner will not be running.
RoslynAnalysisRunner has terminated.
Mono: successfully reloaded assembly
- Completed reload, in  0.717 seconds
Platform modules already initialized, skipping
Refreshing native plugins compatible for Editor in 0.39 ms, found 2 plugins.
Preloading 0 native plugins for Editor in 0.00 ms.
Unloading 1804 Unused Serialized files (Serialized files now loaded: 0)
System memory in use before: 90.2 MB.
System memory in use after: 90.2 MB.

Unloading 28 unused Assets to reduce memory usage. Loaded Objects now: 2411.
Total: 1.706500 ms (FindLiveObjects: 0.211400 ms CreateObjectMapping: 0.070600 ms MarkObjects: 1.326000 ms  DeleteObjects: 0.097200 ms)

========================================================================
Received Import Request.
  Time since last request: 598.258123 seconds.
  path: Assets/Macro/Bullet.asset
  artifactKey: Guid(40fa49ba953a5da4da87ac33adb2d0ff) Importer(815301076,1909f56bfc062723c751e8b465ee728b)
Start importing Assets/Macro/Bullet.asset using Guid(40fa49ba953a5da4da87ac33adb2d0ff) Importer(815301076,1909f56bfc062723c751e8b465ee728b)  -> (artifact id: '75f5eb4867763f84369036a8448d6c5c') in 0.138425 seconds
  Import took 0.141674 seconds .

========================================================================
Received Import Request.
  Time since last request: 79.000219 seconds.
  path: Assets/Prefabs/Bullet.prefab
  artifactKey: Guid(c9b0880c785d2c74c9784c0b98a5b440) Importer(815301076,1909f56bfc062723c751e8b465ee728b)
Start importing Assets/Prefabs/Bullet.prefab using Guid(c9b0880c785d2c74c9784c0b98a5b440) Importer(815301076,1909f56bfc062723c751e8b465ee728b)  -> (artifact id: 'e5a682af198676ddffefdc3d261d2a38') in 0.043513 seconds
  Import took 0.046262 seconds .

========================================================================
Received Import Request.
  Time since last request: 13.340136 seconds.
  path: Assets/Prefabs/Bullet.prefab
  artifactKey: Guid(c9b0880c785d2c74c9784c0b98a5b440) Importer(815301076,1909f56bfc062723c751e8b465ee728b)
Start importing Assets/Prefabs/Bullet.prefab using Guid(c9b0880c785d2c74c9784c0b98a5b440) Importer(815301076,1909f56bfc062723c751e8b465ee728b)  -> (artifact id: 'c1b8af4716c5631e155ca8ad654c82a3') in 0.008850 seconds
  Import took 0.012145 seconds .

========================================================================
Received Import Request.
  Time since last request: 6.236429 seconds.
  path: Assets/Prefabs/Bullet.prefab
  artifactKey: Guid(c9b0880c785d2c74c9784c0b98a5b440) Importer(815301076,1909f56bfc062723c751e8b465ee728b)
Start importing Assets/Prefabs/Bullet.prefab using Guid(c9b0880c785d2c74c9784c0b98a5b440) Importer(815301076,1909f56bfc062723c751e8b465ee728b)  -> (artifact id: 'c3087ccd0de840f802a0ebc6adffc212') in 0.013693 seconds
  Import took 0.016947 seconds .

========================================================================
Received Import Request.
  Time since last request: 2.202213 seconds.
  path: Assets/Prefabs/Bullet.prefab
  artifactKey: Guid(c9b0880c785d2c74c9784c0b98a5b440) Importer(815301076,1909f56bfc062723c751e8b465ee728b)
Start importing Assets/Prefabs/Bullet.prefab using Guid(c9b0880c785d2c74c9784c0b98a5b440) Importer(815301076,1909f56bfc062723c751e8b465ee728b)  -> (artifact id: '4205015c12ddf98d55512ddd7e8c91de') in 0.007600 seconds
  Import took 0.010317 seconds .

========================================================================
Received Import Request.
  Time since last request: 0.997999 seconds.
  path: Assets/Prefabs/Bullet.prefab
  artifactKey: Guid(c9b0880c785d2c74c9784c0b98a5b440) Importer(815301076,1909f56bfc062723c751e8b465ee728b)
Start importing Assets/Prefabs/Bullet.prefab using Guid(c9b0880c785d2c74c9784c0b98a5b440) Importer(815301076,1909f56bfc062723c751e8b465ee728b)  -> (artifact id: 'aa95440544d80d3f4763782c4d22fa74') in 0.006578 seconds
  Import took 0.009281 seconds .

========================================================================
Received Prepare
Registering precompiled user dll's ...
Registered in 0.005411 seconds.
Begin MonoManager ReloadAssembly
Native extension for WindowsStandalone target not found
Refreshing native plugins compatible for Editor in 0.42 ms, found 2 plugins.
Preloading 0 native plugins for Editor in 0.00 ms.
Invoked RoslynAnalysisRunner static constructor.
RoslynAnalysisRunner will not be running.
RoslynAnalysisRunner has terminated.
Mono: successfully reloaded assembly
- Completed reload, in  0.721 seconds
Platform modules already initialized, skipping
Refreshing native plugins compatible for Editor in 0.43 ms, found 2 plugins.
Preloading 0 native plugins for Editor in 0.00 ms.
Unloading 1804 Unused Serialized files (Serialized files now loaded: 0)
System memory in use before: 90.3 MB.
System memory in use after: 90.3 MB.

Unloading 28 unused Assets to reduce memory usage. Loaded Objects now: 2415.
Total: 2.218100 ms (FindLiveObjects: 0.508300 ms CreateObjectMapping: 0.099400 ms MarkObjects: 1.501000 ms  DeleteObjects: 0.108100 ms)

========================================================================
Received Prepare
Registering precompiled user dll's ...
Registered in 0.004702 seconds.
Begin MonoManager ReloadAssembly
Native extension for WindowsStandalone target not found
Refreshing native plugins compatible for Editor in 0.42 ms, found 2 plugins.
Preloading 0 native plugins for Editor in 0.00 ms.
Invoked RoslynAnalysisRunner static constructor.
RoslynAnalysisRunner will not be running.
RoslynAnalysisRunner has terminated.
Mono: successfully reloaded assembly
- Completed reload, in  0.733 seconds
Platform modules already initialized, skipping
Refreshing native plugins compatible for Editor in 0.79 ms, found 2 plugins.
Preloading 0 native plugins for Editor in 0.00 ms.
Unloading 1804 Unused Serialized files (Serialized files now loaded: 0)
System memory in use before: 90.3 MB.
System memory in use after: 90.3 MB.

Unloading 28 unused Assets to reduce memory usage. Loaded Objects now: 2418.
Total: 3.577100 ms (FindLiveObjects: 0.727400 ms CreateObjectMapping: 0.240900 ms MarkObjects: 2.495000 ms  DeleteObjects: 0.111400 ms)

========================================================================
Received Prepare
Registering precompiled user dll's ...
Registered in 0.004479 seconds.
Begin MonoManager ReloadAssembly
Native extension for WindowsStandalone target not found
Refreshing native plugins compatible for Editor in 0.41 ms, found 2 plugins.
Preloading 0 native plugins for Editor in 0.00 ms.
Invoked RoslynAnalysisRunner static constructor.
RoslynAnalysisRunner will not be running.
RoslynAnalysisRunner has terminated.
Mono: successfully reloaded assembly
- Completed reload, in  0.729 seconds
Platform modules already initialized, skipping
Refreshing native plugins compatible for Editor in 0.49 ms, found 2 plugins.
Preloading 0 native plugins for Editor in 0.00 ms.
Unloading 1804 Unused Serialized files (Serialized files now loaded: 0)
System memory in use before: 90.4 MB.
System memory in use after: 90.4 MB.

Unloading 28 unused Assets to reduce memory usage. Loaded Objects now: 2421.
Total: 2.454400 ms (FindLiveObjects: 0.560500 ms CreateObjectMapping: 0.098100 ms MarkObjects: 1.681300 ms  DeleteObjects: 0.110900 ms)

========================================================================
Received Prepare
Registering precompiled user dll's ...
Registered in 0.004630 seconds.
Begin MonoManager ReloadAssembly
Native extension for WindowsStandalone target not found
Refreshing native plugins compatible for Editor in 0.46 ms, found 2 plugins.
Preloading 0 native plugins for Editor in 0.00 ms.
Invoked RoslynAnalysisRunner static constructor.
RoslynAnalysisRunner will not be running.
RoslynAnalysisRunner has terminated.
Mono: successfully reloaded assembly
- Completed reload, in  0.724 seconds
Platform modules already initialized, skipping
Refreshing native plugins compatible for Editor in 0.45 ms, found 2 plugins.
Preloading 0 native plugins for Editor in 0.00 ms.
Unloading 1804 Unused Serialized files (Serialized files now loaded: 0)
System memory in use before: 90.5 MB.
System memory in use after: 90.5 MB.

Unloading 28 unused Assets to reduce memory usage. Loaded Objects now: 2424.
Total: 5.044800 ms (FindLiveObjects: 0.876900 ms CreateObjectMapping: 0.304800 ms MarkObjects: 3.591600 ms  DeleteObjects: 0.269500 ms)

========================================================================
Received Prepare
Registering precompiled user dll's ...
Registered in 0.004526 seconds.
Begin MonoManager ReloadAssembly
Native extension for WindowsStandalone target not found
Refreshing native plugins compatible for Editor in 0.42 ms, found 2 plugins.
Preloading 0 native plugins for Editor in 0.00 ms.
Invoked RoslynAnalysisRunner static constructor.
RoslynAnalysisRunner will not be running.
RoslynAnalysisRunner has terminated.
Mono: successfully reloaded assembly
- Completed reload, in  0.732 seconds
Platform modules already initialized, skipping
Refreshing native plugins compatible for Editor in 0.41 ms, found 2 plugins.
Preloading 0 native plugins for Editor in 0.00 ms.
Unloading 1804 Unused Serialized files (Serialized files now loaded: 0)
System memory in use before: 90.6 MB.
System memory in use after: 90.6 MB.

Unloading 28 unused Assets to reduce memory usage. Loaded Objects now: 2427.
Total: 1.742900 ms (FindLiveObjects: 0.247500 ms CreateObjectMapping: 0.077900 ms MarkObjects: 1.328300 ms  DeleteObjects: 0.088500 ms)

========================================================================
Received Prepare
Registering precompiled user dll's ...
Registered in 0.004454 seconds.
Begin MonoManager ReloadAssembly
Native extension for WindowsStandalone target not found
Refreshing native plugins compatible for Editor in 0.41 ms, found 2 plugins.
Preloading 0 native plugins for Editor in 0.00 ms.
Invoked RoslynAnalysisRunner static constructor.
RoslynAnalysisRunner will not be running.
RoslynAnalysisRunner has terminated.
Mono: successfully reloaded assembly
- Completed reload, in  0.724 seconds
Platform modules already initialized, skipping
Refreshing native plugins compatible for Editor in 0.41 ms, found 2 plugins.
Preloading 0 native plugins for Editor in 0.00 ms.
Unloading 1804 Unused Serialized files (Serialized files now loaded: 0)
System memory in use before: 90.7 MB.
System memory in use after: 90.7 MB.

Unloading 28 unused Assets to reduce memory usage. Loaded Objects now: 2430.
Total: 2.623800 ms (FindLiveObjects: 0.559700 ms CreateObjectMapping: 0.117100 ms MarkObjects: 1.845800 ms  DeleteObjects: 0.100200 ms)

========================================================================
Received Import Request.
  Time since last request: 1218.150914 seconds.
  path: Assets/Prefabs/Bullet.prefab
  artifactKey: Guid(c9b0880c785d2c74c9784c0b98a5b440) Importer(815301076,1909f56bfc062723c751e8b465ee728b)
Start importing Assets/Prefabs/Bullet.prefab using Guid(c9b0880c785d2c74c9784c0b98a5b440) Importer(815301076,1909f56bfc062723c751e8b465ee728b)  -> (artifact id: 'bc805bb86431187387501ff706987475') in 0.180691 seconds
  Import took 0.183514 seconds .

========================================================================
Received Prepare
Registering precompiled user dll's ...
Registered in 0.004505 seconds.
Begin MonoManager ReloadAssembly
Native extension for WindowsStandalone target not found
Refreshing native plugins compatible for Editor in 0.42 ms, found 2 plugins.
Preloading 0 native plugins for Editor in 0.00 ms.
Invoked RoslynAnalysisRunner static constructor.
RoslynAnalysisRunner will not be running.
RoslynAnalysisRunner has terminated.
Mono: successfully reloaded assembly
- Completed reload, in  0.721 seconds
Platform modules already initialized, skipping
Refreshing native plugins compatible for Editor in 0.49 ms, found 2 plugins.
Preloading 0 native plugins for Editor in 0.00 ms.
Unloading 1804 Unused Serialized files (Serialized files now loaded: 0)
System memory in use before: 90.8 MB.
System memory in use after: 90.8 MB.

Unloading 28 unused Assets to reduce memory usage. Loaded Objects now: 2434.
Total: 2.007500 ms (FindLiveObjects: 0.344300 ms CreateObjectMapping: 0.131700 ms MarkObjects: 1.426800 ms  DeleteObjects: 0.103800 ms)

========================================================================
Received Prepare
Registering precompiled user dll's ...
Registered in 0.004376 seconds.
Begin MonoManager ReloadAssembly
Native extension for WindowsStandalone target not found
Refreshing native plugins compatible for Editor in 0.41 ms, found 2 plugins.
Preloading 0 native plugins for Editor in 0.00 ms.
Invoked RoslynAnalysisRunner static constructor.
RoslynAnalysisRunner will not be running.
RoslynAnalysisRunner has terminated.
Mono: successfully reloaded assembly
- Completed reload, in  0.715 seconds
Platform modules already initialized, skipping
Refreshing native plugins compatible for Editor in 0.41 ms, found 2 plugins.
Preloading 0 native plugins for Editor in 0.00 ms.
Unloading 1804 Unused Serialized files (Serialized files now loaded: 0)
System memory in use before: 90.9 MB.
System memory in use after: 90.9 MB.

Unloading 28 unused Assets to reduce memory usage. Loaded Objects now: 2437.
Total: 3.642300 ms (FindLiveObjects: 0.563000 ms CreateObjectMapping: 0.202000 ms MarkObjects: 2.697900 ms  DeleteObjects: 0.177800 ms)

========================================================================
Received Prepare
Registering precompiled user dll's ...
Registered in 0.004587 seconds.
Begin MonoManager ReloadAssembly
Native extension for WindowsStandalone target not found
Refreshing native plugins compatible for Editor in 1.18 ms, found 2 plugins.
Preloading 0 native plugins for Editor in 0.00 ms.
Invoked RoslynAnalysisRunner static constructor.
RoslynAnalysisRunner will not be running.
RoslynAnalysisRunner has terminated.
Mono: successfully reloaded assembly
- Completed reload, in  0.723 seconds
Platform modules already initialized, skipping
Refreshing native plugins compatible for Editor in 0.45 ms, found 2 plugins.
Preloading 0 native plugins for Editor in 0.00 ms.
Unloading 1804 Unused Serialized files (Serialized files now loaded: 0)
System memory in use before: 90.0 MB.
System memory in use after: 90.0 MB.

Unloading 28 unused Assets to reduce memory usage. Loaded Objects now: 2440.
Total: 2.749900 ms (FindLiveObjects: 0.265400 ms CreateObjectMapping: 0.072200 ms MarkObjects: 2.120200 ms  DeleteObjects: 0.290600 ms)

========================================================================
Received Prepare
Registering precompiled user dll's ...
Registered in 0.004502 seconds.
Begin MonoManager ReloadAssembly
Native extension for WindowsStandalone target not found
Refreshing native plugins compatible for Editor in 0.42 ms, found 2 plugins.
Preloading 0 native plugins for Editor in 0.00 ms.
Invoked RoslynAnalysisRunner static constructor.
RoslynAnalysisRunner will not be running.
RoslynAnalysisRunner has terminated.
Mono: successfully reloaded assembly
- Completed reload, in  0.739 seconds
Platform modules already initialized, skipping
Refreshing native plugins compatible for Editor in 0.41 ms, found 2 plugins.
Preloading 0 native plugins for Editor in 0.00 ms.
Unloading 1804 Unused Serialized files (Serialized files now loaded: 0)
System memory in use before: 90.1 MB.
System memory in use after: 90.1 MB.

Unloading 28 unused Assets to reduce memory usage. Loaded Objects now: 2443.
Total: 2.083300 ms (FindLiveObjects: 0.282500 ms CreateObjectMapping: 0.120000 ms MarkObjects: 1.573100 ms  DeleteObjects: 0.106100 ms)

========================================================================
Received Prepare
Registering precompiled user dll's ...
Registered in 0.004637 seconds.
Begin MonoManager ReloadAssembly
Native extension for WindowsStandalone target not found
Refreshing native plugins compatible for Editor in 0.51 ms, found 2 plugins.
Preloading 0 native plugins for Editor in 0.00 ms.
Invoked RoslynAnalysisRunner static constructor.
RoslynAnalysisRunner will not be running.
RoslynAnalysisRunner has terminated.
Mono: successfully reloaded assembly
- Completed reload, in  0.705 seconds
Platform modules already initialized, skipping
Refreshing native plugins compatible for Editor in 0.41 ms, found 2 plugins.
Preloading 0 native plugins for Editor in 0.00 ms.
Unloading 1804 Unused Serialized files (Serialized files now loaded: 0)
System memory in use before: 90.2 MB.
System memory in use after: 90.2 MB.

Unloading 28 unused Assets to reduce memory usage. Loaded Objects now: 2446.
Total: 4.067700 ms (FindLiveObjects: 0.579500 ms CreateObjectMapping: 0.159300 ms MarkObjects: 3.204700 ms  DeleteObjects: 0.121700 ms)

========================================================================
Received Prepare
Registering precompiled user dll's ...
Registered in 0.004816 seconds.
Begin MonoManager ReloadAssembly
Native extension for WindowsStandalone target not found
Refreshing native plugins compatible for Editor in 0.62 ms, found 2 plugins.
Preloading 0 native plugins for Editor in 0.00 ms.
Invoked RoslynAnalysisRunner static constructor.
RoslynAnalysisRunner will not be running.
RoslynAnalysisRunner has terminated.
Mono: successfully reloaded assembly
- Completed reload, in  0.684 seconds
Platform modules already initialized, skipping
Refreshing native plugins compatible for Editor in 0.46 ms, found 2 plugins.
Preloading 0 native plugins for Editor in 0.00 ms.
Unloading 1804 Unused Serialized files (Serialized files now loaded: 0)
System memory in use before: 90.3 MB.
System memory in use after: 90.3 MB.

Unloading 28 unused Assets to reduce memory usage. Loaded Objects now: 2449.
Total: 1.941200 ms (FindLiveObjects: 0.212700 ms CreateObjectMapping: 0.086300 ms MarkObjects: 1.544500 ms  DeleteObjects: 0.096900 ms)

========================================================================
Received Prepare
Registering precompiled user dll's ...
Registered in 0.004560 seconds.
Begin MonoManager ReloadAssembly
Native extension for WindowsStandalone target not found
Refreshing native plugins compatible for Editor in 0.41 ms, found 2 plugins.
Preloading 0 native plugins for Editor in 0.00 ms.
Invoked RoslynAnalysisRunner static constructor.
RoslynAnalysisRunner will not be running.
RoslynAnalysisRunner has terminated.
Mono: successfully reloaded assembly
- Completed reload, in  0.723 seconds
Platform modules already initialized, skipping
Refreshing native plugins compatible for Editor in 0.42 ms, found 2 plugins.
Preloading 0 native plugins for Editor in 0.00 ms.
Unloading 1804 Unused Serialized files (Serialized files now loaded: 0)
System memory in use before: 90.4 MB.
System memory in use after: 90.4 MB.

Unloading 28 unused Assets to reduce memory usage. Loaded Objects now: 2452.
Total: 3.378600 ms (FindLiveObjects: 0.622200 ms CreateObjectMapping: 0.141700 ms MarkObjects: 2.507100 ms  DeleteObjects: 0.106100 ms)

========================================================================
Received Prepare
Registering precompiled user dll's ...
Registered in 0.004596 seconds.
Begin MonoManager ReloadAssembly
Native extension for WindowsStandalone target not found
Refreshing native plugins compatible for Editor in 0.42 ms, found 2 plugins.
Preloading 0 native plugins for Editor in 0.00 ms.
Invoked RoslynAnalysisRunner static constructor.
RoslynAnalysisRunner will not be running.
RoslynAnalysisRunner has terminated.
Mono: successfully reloaded assembly
- Completed reload, in  0.720 seconds
Platform modules already initialized, skipping
Refreshing native plugins compatible for Editor in 0.67 ms, found 2 plugins.
Preloading 0 native plugins for Editor in 0.00 ms.
Unloading 1804 Unused Serialized files (Serialized files now loaded: 0)
System memory in use before: 90.5 MB.
System memory in use after: 90.5 MB.

Unloading 28 unused Assets to reduce memory usage. Loaded Objects now: 2455.
Total: 3.975300 ms (FindLiveObjects: 0.415700 ms CreateObjectMapping: 0.105500 ms MarkObjects: 3.295900 ms  DeleteObjects: 0.156900 ms)

========================================================================
Received Import Request.
  Time since last request: 931.943981 seconds.
  path: Assets/Prefabs/Bullet.prefab
  artifactKey: Guid(c9b0880c785d2c74c9784c0b98a5b440) Importer(815301076,1909f56bfc062723c751e8b465ee728b)
Start importing Assets/Prefabs/Bullet.prefab using Guid(c9b0880c785d2c74c9784c0b98a5b440) Importer(815301076,1909f56bfc062723c751e8b465ee728b)  -> (artifact id: 'd058da0ae97546b7e4efe1556ece4836') in 0.185248 seconds
  Import took 0.188063 seconds .

========================================================================
Received Prepare
Registering precompiled user dll's ...
Registered in 0.004903 seconds.
Begin MonoManager ReloadAssembly
Native extension for WindowsStandalone target not found
Refreshing native plugins compatible for Editor in 0.44 ms, found 2 plugins.
Preloading 0 native plugins for Editor in 0.00 ms.
Invoked RoslynAnalysisRunner static constructor.
RoslynAnalysisRunner will not be running.
RoslynAnalysisRunner has terminated.
Mono: successfully reloaded assembly
- Completed reload, in  0.712 seconds
Platform modules already initialized, skipping
Refreshing native plugins compatible for Editor in 0.39 ms, found 2 plugins.
Preloading 0 native plugins for Editor in 0.00 ms.
Unloading 1804 Unused Serialized files (Serialized files now loaded: 0)
System memory in use before: 90.6 MB.
System memory in use after: 90.6 MB.

Unloading 28 unused Assets to reduce memory usage. Loaded Objects now: 2459.
Total: 1.883700 ms (FindLiveObjects: 0.242900 ms CreateObjectMapping: 0.087600 ms MarkObjects: 1.450100 ms  DeleteObjects: 0.102300 ms)

========================================================================
Received Prepare
Registering precompiled user dll's ...
Registered in 0.004678 seconds.
Begin MonoManager ReloadAssembly
Native extension for WindowsStandalone target not found
Refreshing native plugins compatible for Editor in 0.42 ms, found 2 plugins.
Preloading 0 native plugins for Editor in 0.00 ms.
Invoked RoslynAnalysisRunner static constructor.
RoslynAnalysisRunner will not be running.
RoslynAnalysisRunner has terminated.
Mono: successfully reloaded assembly
- Completed reload, in  0.708 seconds
Platform modules already initialized, skipping
Refreshing native plugins compatible for Editor in 0.41 ms, found 2 plugins.
Preloading 0 native plugins for Editor in 0.00 ms.
Unloading 1804 Unused Serialized files (Serialized files now loaded: 0)
System memory in use before: 90.7 MB.
System memory in use after: 90.7 MB.

Unloading 28 unused Assets to reduce memory usage. Loaded Objects now: 2462.
Total: 6.370300 ms (FindLiveObjects: 0.723100 ms CreateObjectMapping: 0.449900 ms MarkObjects: 4.879300 ms  DeleteObjects: 0.315100 ms)

AssetImportWorkerClient::OnTransportError - code=2 error=End of file
