Using pre-set license
Built from '2020.2/release' branch; Version is '2020.2.2f1 (068178b99f32) revision 426360'; Using compiler version '192528614'; Build Type 'Release'
OS: 'Windows 10 Home; OS build 19042.985; Version 2009; 64bit' Language: 'ko' Physical Memory: 40898 MB
BatchMode: 1, IsHumanControllingUs: 0, StartBugReporterOnCrash: 0, Is64bit: 1, IsPro: 0

 COMMAND LINE ARGUMENTS:
D:\Unity\2020.2.2f1\Editor\Unity.exe
-adb2
-batchMode
-noUpm
-name
AssetImportWorker0
-projectPath
D:/Unity/2D_StartProgact
-logFile
Logs/AssetImportWorker0.log
-srvPort
2339
Successfully changed project path to: D:/Unity/2D_StartProgact
D:/Unity/2D_StartProgact
Using Asset Import Pipeline V2.
Refreshing native plugins compatible for Editor in 34.07 ms, found 2 plugins.
Preloading 0 native plugins for Editor in 0.00 ms.
Initialize engine version: 2020.2.2f1 (068178b99f32)
[Subsystems] Discovering subsystems at path D:/Unity/2020.2.2f1/Editor/Data/Resources/UnitySubsystems
[Subsystems] Discovering subsystems at path D:/Unity/2D_StartProgact/Assets
GfxDevice: creating device client; threaded=0
Direct3D:
    Version:  Direct3D 11.0 [level 11.1]
    Renderer: NVIDIA GeForce GTX 1060 6GB (ID=0x1c03)
    Vendor:   
    VRAM:     6052 MB
    Driver:   27.21.14.5671
Initialize mono
Mono path[0] = 'D:/Unity/2020.2.2f1/Editor/Data/Managed'
Mono path[1] = 'D:/Unity/2020.2.2f1/Editor/Data/MonoBleedingEdge/lib/mono/unityjit'
Mono config path = 'D:/Unity/2020.2.2f1/Editor/Data/MonoBleedingEdge/etc'
Using monoOptions --debugger-agent=transport=dt_socket,embedding=1,server=y,suspend=n,address=127.0.0.1:56656
Begin MonoManager ReloadAssembly
Registering precompiled unity dll's ...
Register platform support module: D:/Unity/2020.2.2f1/Editor/Data/PlaybackEngines/WindowsStandaloneSupport/UnityEditor.WindowsStandalone.Extensions.dll
Registered in 0.000844 seconds.
Native extension for WindowsStandalone target not found
Refreshing native plugins compatible for Editor in 33.85 ms, found 2 plugins.
Preloading 0 native plugins for Editor in 0.00 ms.
Invoked RoslynAnalysisRunner static constructor.
RoslynAnalysisRunner will not be running.
RoslynAnalysisRunner has terminated.
Mono: successfully reloaded assembly
- Completed reload, in  1.348 seconds
Platform modules already initialized, skipping
Registering precompiled user dll's ...
Registered in 0.004652 seconds.
Begin MonoManager ReloadAssembly
Native extension for WindowsStandalone target not found
Refreshing native plugins compatible for Editor in 42.00 ms, found 2 plugins.
Preloading 0 native plugins for Editor in 0.00 ms.
Invoked RoslynAnalysisRunner static constructor.
RoslynAnalysisRunner will not be running.
RoslynAnalysisRunner has terminated.
Mono: successfully reloaded assembly
- Completed reload, in  0.901 seconds
Platform modules already initialized, skipping
========================================================================
Worker process is ready to serve import requests
Launched and connected shader compiler UnityShaderCompiler.exe after 0.05 seconds
Refreshing native plugins compatible for Editor in 0.51 ms, found 2 plugins.
Preloading 0 native plugins for Editor in 0.00 ms.
Unloading 1812 Unused Serialized files (Serialized files now loaded: 0)
System memory in use before: 88.1 MB.
System memory in use after: 88.1 MB.

Unloading 40 unused Assets to reduce memory usage. Loaded Objects now: 2324.
Total: 3.261300 ms (FindLiveObjects: 0.355500 ms CreateObjectMapping: 0.096600 ms MarkObjects: 2.612700 ms  DeleteObjects: 0.194600 ms)

========================================================================
Received Import Request.
  path: Assets/Script/Camera.cs
  artifactKey: Guid(7d4d76b377861354fba158eaa6da40a2) Importer(815301076,1909f56bfc062723c751e8b465ee728b)
Start importing Assets/Script/Camera.cs using Guid(7d4d76b377861354fba158eaa6da40a2) Importer(815301076,1909f56bfc062723c751e8b465ee728b)  -> (artifact id: '20ab3e8ec20cea025302d5c6cb73cda0') in 0.049716 seconds
  Import took 0.052285 seconds .

========================================================================
Received Import Request.
  Time since last request: 190.023036 seconds.
  path: Assets/Script/Camera.cs
  artifactKey: Guid(7d4d76b377861354fba158eaa6da40a2) Importer(815301076,1909f56bfc062723c751e8b465ee728b)
Start importing Assets/Script/Camera.cs using Guid(7d4d76b377861354fba158eaa6da40a2) Importer(815301076,1909f56bfc062723c751e8b465ee728b)  -> (artifact id: 'f22a5a7f90824f78f144f131c22eb373') in 0.001828 seconds
  Import took 0.004752 seconds .

========================================================================
Received Import Request.
  Time since last request: 0.001072 seconds.
  path: Assets/Script/Camera.cs
  artifactKey: Guid(7d4d76b377861354fba158eaa6da40a2) Importer(815301076,1909f56bfc062723c751e8b465ee728b)
Start importing Assets/Script/Camera.cs using Guid(7d4d76b377861354fba158eaa6da40a2) Importer(815301076,1909f56bfc062723c751e8b465ee728b)  -> (artifact id: 'f22a5a7f90824f78f144f131c22eb373') in 0.001629 seconds
  Import took 0.003933 seconds .

========================================================================
Received Prepare
Registering precompiled user dll's ...
Registered in 0.005727 seconds.
Begin MonoManager ReloadAssembly
Native extension for WindowsStandalone target not found
Refreshing native plugins compatible for Editor in 0.42 ms, found 2 plugins.
Preloading 0 native plugins for Editor in 0.00 ms.
Invoked RoslynAnalysisRunner static constructor.
RoslynAnalysisRunner will not be running.
RoslynAnalysisRunner has terminated.
Mono: successfully reloaded assembly
- Completed reload, in  0.789 seconds
Platform modules already initialized, skipping
Refreshing native plugins compatible for Editor in 0.53 ms, found 2 plugins.
Preloading 0 native plugins for Editor in 0.00 ms.
Unloading 1807 Unused Serialized files (Serialized files now loaded: 0)
System memory in use before: 88.2 MB.
System memory in use after: 88.2 MB.

Unloading 28 unused Assets to reduce memory usage. Loaded Objects now: 2327.
Total: 1.879600 ms (FindLiveObjects: 0.309600 ms CreateObjectMapping: 0.089500 ms MarkObjects: 1.390400 ms  DeleteObjects: 0.089000 ms)

========================================================================
Received Prepare
Registering precompiled user dll's ...
Registered in 0.005611 seconds.
Begin MonoManager ReloadAssembly
Native extension for WindowsStandalone target not found
Refreshing native plugins compatible for Editor in 0.46 ms, found 2 plugins.
Preloading 0 native plugins for Editor in 0.00 ms.
Invoked RoslynAnalysisRunner static constructor.
RoslynAnalysisRunner will not be running.
RoslynAnalysisRunner has terminated.
Mono: successfully reloaded assembly
- Completed reload, in  0.781 seconds
Platform modules already initialized, skipping
Refreshing native plugins compatible for Editor in 0.63 ms, found 2 plugins.
Preloading 0 native plugins for Editor in 0.00 ms.
Unloading 1807 Unused Serialized files (Serialized files now loaded: 0)
System memory in use before: 88.4 MB.
System memory in use after: 88.4 MB.

Unloading 28 unused Assets to reduce memory usage. Loaded Objects now: 2330.
Total: 3.418000 ms (FindLiveObjects: 0.479600 ms CreateObjectMapping: 0.138500 ms MarkObjects: 2.665600 ms  DeleteObjects: 0.131200 ms)

========================================================================
Received Prepare
Registering precompiled user dll's ...
Registered in 0.005268 seconds.
Begin MonoManager ReloadAssembly
Native extension for WindowsStandalone target not found
Refreshing native plugins compatible for Editor in 0.48 ms, found 2 plugins.
Preloading 0 native plugins for Editor in 0.00 ms.
Invoked RoslynAnalysisRunner static constructor.
RoslynAnalysisRunner will not be running.
RoslynAnalysisRunner has terminated.
Mono: successfully reloaded assembly
- Completed reload, in  0.751 seconds
Platform modules already initialized, skipping
Refreshing native plugins compatible for Editor in 0.41 ms, found 2 plugins.
Preloading 0 native plugins for Editor in 0.00 ms.
Unloading 1807 Unused Serialized files (Serialized files now loaded: 0)
System memory in use before: 88.5 MB.
System memory in use after: 88.5 MB.

Unloading 28 unused Assets to reduce memory usage. Loaded Objects now: 2333.
Total: 1.650100 ms (FindLiveObjects: 0.183000 ms CreateObjectMapping: 0.067300 ms MarkObjects: 1.309200 ms  DeleteObjects: 0.089900 ms)

========================================================================
Received Prepare
Registering precompiled user dll's ...
Registered in 0.005087 seconds.
Begin MonoManager ReloadAssembly
Native extension for WindowsStandalone target not found
Refreshing native plugins compatible for Editor in 0.41 ms, found 2 plugins.
Preloading 0 native plugins for Editor in 0.00 ms.
Invoked RoslynAnalysisRunner static constructor.
RoslynAnalysisRunner will not be running.
RoslynAnalysisRunner has terminated.
Mono: successfully reloaded assembly
- Completed reload, in  0.743 seconds
Platform modules already initialized, skipping
Refreshing native plugins compatible for Editor in 1.10 ms, found 2 plugins.
Preloading 0 native plugins for Editor in 0.00 ms.
Unloading 1807 Unused Serialized files (Serialized files now loaded: 0)
System memory in use before: 88.6 MB.
System memory in use after: 88.6 MB.

Unloading 28 unused Assets to reduce memory usage. Loaded Objects now: 2336.
Total: 2.835200 ms (FindLiveObjects: 0.629800 ms CreateObjectMapping: 0.103800 ms MarkObjects: 1.922100 ms  DeleteObjects: 0.177500 ms)

========================================================================
Received Import Request.
  Time since last request: 244.337493 seconds.
  path: Assets/UI
  artifactKey: Guid(05db99e65c0a01c4589a2dfbd77dff0f) Importer(815301076,1909f56bfc062723c751e8b465ee728b)
Start importing Assets/UI using Guid(05db99e65c0a01c4589a2dfbd77dff0f) Importer(815301076,1909f56bfc062723c751e8b465ee728b)  -> (artifact id: '73722e11d2f337283f40f2a5593d8232') in 0.007533 seconds
  Import took 0.010307 seconds .

========================================================================
Received Import Request.
  Time since last request: 0.000726 seconds.
  path: Assets/UI
  artifactKey: Guid(05db99e65c0a01c4589a2dfbd77dff0f) Importer(815301076,1909f56bfc062723c751e8b465ee728b)
Start importing Assets/UI using Guid(05db99e65c0a01c4589a2dfbd77dff0f) Importer(815301076,1909f56bfc062723c751e8b465ee728b)  -> (artifact id: '73722e11d2f337283f40f2a5593d8232') in 0.001799 seconds
  Import took 0.004397 seconds .

========================================================================
Received Import Request.
  Time since last request: 5.535619 seconds.
  path: Assets/UI/Pad.png
  artifactKey: Guid(498adf86d4f89794a951641b98b56c52) Importer(815301076,1909f56bfc062723c751e8b465ee728b)
Start importing Assets/UI/Pad.png using Guid(498adf86d4f89794a951641b98b56c52) Importer(815301076,1909f56bfc062723c751e8b465ee728b)  -> (artifact id: '364f85a1cd0672267fc6c5d6aba04b0c') in 0.143957 seconds
  Import took 0.146711 seconds .

========================================================================
Received Import Request.
  Time since last request: 0.000186 seconds.
  path: Assets/UI/Sky.png
  artifactKey: Guid(1f0eaee5aeae2d543b62165580c72684) Importer(815301076,1909f56bfc062723c751e8b465ee728b)
Start importing Assets/UI/Sky.png using Guid(1f0eaee5aeae2d543b62165580c72684) Importer(815301076,1909f56bfc062723c751e8b465ee728b)  -> (artifact id: 'e3ab0ed649262e889ee2efe16b10b8e3') in 0.024364 seconds
  Import took 0.027023 seconds .

========================================================================
Received Import Request.
  Time since last request: 0.000201 seconds.
  path: Assets/UI/Platform.png
  artifactKey: Guid(edb77c6e539a3574f85dd256f0632169) Importer(815301076,1909f56bfc062723c751e8b465ee728b)
Start importing Assets/UI/Platform.png using Guid(edb77c6e539a3574f85dd256f0632169) Importer(815301076,1909f56bfc062723c751e8b465ee728b)  -> (artifact id: '18e3f5c761769a161587fc5d5a729b8d') in 0.017284 seconds
  Import took 0.020671 seconds .

========================================================================
Received Import Request.
  Time since last request: 0.000297 seconds.
  path: Assets/UI/Spikes.png
  artifactKey: Guid(90e46f198b69341419c6512b1a40aafa) Importer(815301076,1909f56bfc062723c751e8b465ee728b)
Start importing Assets/UI/Spikes.png using Guid(90e46f198b69341419c6512b1a40aafa) Importer(815301076,1909f56bfc062723c751e8b465ee728b)  -> (artifact id: '8f4b5e3ef46422f55fd876d6ccf4d683') in 0.021307 seconds
  Import took 0.024167 seconds .

========================================================================
Received Import Request.
  Time since last request: 0.000213 seconds.
  path: Assets/UI/UI.png
  artifactKey: Guid(2c2c13737b012574c97d4d04e5b952cf) Importer(815301076,1909f56bfc062723c751e8b465ee728b)
Start importing Assets/UI/UI.png using Guid(2c2c13737b012574c97d4d04e5b952cf) Importer(815301076,1909f56bfc062723c751e8b465ee728b)  -> (artifact id: '7e5f5b483ec85f7cf200ebdb3905d502') in 0.011415 seconds
  Import took 0.015946 seconds .

========================================================================
Received Import Request.
  Time since last request: 0.001976 seconds.
  path: Assets/UI/UI.png
  artifactKey: Guid(2c2c13737b012574c97d4d04e5b952cf) Importer(815301076,1909f56bfc062723c751e8b465ee728b)
Start importing Assets/UI/UI.png using Guid(2c2c13737b012574c97d4d04e5b952cf) Importer(815301076,1909f56bfc062723c751e8b465ee728b)  -> (artifact id: '7e5f5b483ec85f7cf200ebdb3905d502') in 0.009732 seconds
  Import took 0.012658 seconds .

========================================================================
Received Import Request.
  Time since last request: 17.263606 seconds.
  path: Assets/UI/Platform.png
  artifactKey: Guid(edb77c6e539a3574f85dd256f0632169) Importer(815301076,1909f56bfc062723c751e8b465ee728b)
Start importing Assets/UI/Platform.png using Guid(edb77c6e539a3574f85dd256f0632169) Importer(815301076,1909f56bfc062723c751e8b465ee728b)  -> (artifact id: '1fc1587eb4d34520830e0514b2b036d1') in 0.009290 seconds
  Import took 0.012232 seconds .

========================================================================
Received Import Request.
  Time since last request: 0.010265 seconds.
  path: Assets/UI/Platform.png
  artifactKey: Guid(edb77c6e539a3574f85dd256f0632169) Importer(815301076,1909f56bfc062723c751e8b465ee728b)
Start importing Assets/UI/Platform.png using Guid(edb77c6e539a3574f85dd256f0632169) Importer(815301076,1909f56bfc062723c751e8b465ee728b)  -> (artifact id: '1fc1587eb4d34520830e0514b2b036d1') in 0.008696 seconds
  Import took 0.011952 seconds .

========================================================================
Received Import Request.
  Time since last request: 29.836065 seconds.
  path: Assets/UI/Platform.png
  artifactKey: Guid(edb77c6e539a3574f85dd256f0632169) Importer(815301076,1909f56bfc062723c751e8b465ee728b)
Start importing Assets/UI/Platform.png using Guid(edb77c6e539a3574f85dd256f0632169) Importer(815301076,1909f56bfc062723c751e8b465ee728b)  -> (artifact id: '1d5ce688d1a1e0450182da842a1be927') in 0.014774 seconds
  Import took 0.017792 seconds .

========================================================================
Received Import Request.
  Time since last request: 43.536752 seconds.
  path: Assets/UI/Platform.png
  artifactKey: Guid(edb77c6e539a3574f85dd256f0632169) Importer(815301076,1909f56bfc062723c751e8b465ee728b)
Start importing Assets/UI/Platform.png using Guid(edb77c6e539a3574f85dd256f0632169) Importer(815301076,1909f56bfc062723c751e8b465ee728b)  -> (artifact id: '1d7f40adf8ffa7df22cb1137ebb5d780') in 0.013793 seconds
  Import took 0.016522 seconds .

========================================================================
Received Import Request.
  Time since last request: 10.432596 seconds.
  path: Assets/UI/Platform.png
  artifactKey: Guid(edb77c6e539a3574f85dd256f0632169) Importer(815301076,1909f56bfc062723c751e8b465ee728b)
Start importing Assets/UI/Platform.png using Guid(edb77c6e539a3574f85dd256f0632169) Importer(815301076,1909f56bfc062723c751e8b465ee728b)  -> (artifact id: '07a2dbd3e06e1dbafebdc15520a56ef2') in 0.012221 seconds
  Import took 0.015015 seconds .

========================================================================
Received Import Request.
  Time since last request: 67.031348 seconds.
  path: Assets/UI/Platform.png
  artifactKey: Guid(edb77c6e539a3574f85dd256f0632169) Importer(815301076,1909f56bfc062723c751e8b465ee728b)
Start importing Assets/UI/Platform.png using Guid(edb77c6e539a3574f85dd256f0632169) Importer(815301076,1909f56bfc062723c751e8b465ee728b)  -> (artifact id: '11b98b03d8fca641c1ca51b2daa307dc') in 0.017701 seconds
  Import took 0.020724 seconds .

========================================================================
Received Prepare
Registering precompiled user dll's ...
Registered in 0.005872 seconds.
Begin MonoManager ReloadAssembly
Native extension for WindowsStandalone target not found
Refreshing native plugins compatible for Editor in 0.45 ms, found 2 plugins.
Preloading 0 native plugins for Editor in 0.00 ms.
Invoked RoslynAnalysisRunner static constructor.
RoslynAnalysisRunner will not be running.
RoslynAnalysisRunner has terminated.
Mono: successfully reloaded assembly
- Completed reload, in  0.735 seconds
Platform modules already initialized, skipping
Refreshing native plugins compatible for Editor in 0.43 ms, found 2 plugins.
Preloading 0 native plugins for Editor in 0.00 ms.
Unloading 1807 Unused Serialized files (Serialized files now loaded: 0)
System memory in use before: 91.8 MB.
System memory in use after: 91.8 MB.

Unloading 28 unused Assets to reduce memory usage. Loaded Objects now: 2357.
Total: 1.747800 ms (FindLiveObjects: 0.200800 ms CreateObjectMapping: 0.068400 ms MarkObjects: 1.387400 ms  DeleteObjects: 0.090500 ms)

========================================================================
Received Import Request.
  Time since last request: 501.476647 seconds.
  path: Assets/UI/Platform.png
  artifactKey: Guid(edb77c6e539a3574f85dd256f0632169) Importer(815301076,1909f56bfc062723c751e8b465ee728b)
Start importing Assets/UI/Platform.png using Guid(edb77c6e539a3574f85dd256f0632169) Importer(815301076,1909f56bfc062723c751e8b465ee728b)  -> (artifact id: 'ab3fea5ceda73e92a8a316d5ab182532') in 0.051706 seconds
  Import took 0.054722 seconds .

========================================================================
Received Prepare
Registering precompiled user dll's ...
Registered in 0.005187 seconds.
Begin MonoManager ReloadAssembly
Native extension for WindowsStandalone target not found
Refreshing native plugins compatible for Editor in 0.43 ms, found 2 plugins.
Preloading 0 native plugins for Editor in 0.00 ms.
Invoked RoslynAnalysisRunner static constructor.
RoslynAnalysisRunner will not be running.
RoslynAnalysisRunner has terminated.
Mono: successfully reloaded assembly
- Completed reload, in  0.752 seconds
Platform modules already initialized, skipping
Refreshing native plugins compatible for Editor in 0.59 ms, found 2 plugins.
Preloading 0 native plugins for Editor in 0.00 ms.
Unloading 1807 Unused Serialized files (Serialized files now loaded: 0)
System memory in use before: 92.0 MB.
System memory in use after: 92.0 MB.

Unloading 28 unused Assets to reduce memory usage. Loaded Objects now: 2361.
Total: 3.480100 ms (FindLiveObjects: 0.354500 ms CreateObjectMapping: 0.115600 ms MarkObjects: 2.847400 ms  DeleteObjects: 0.161500 ms)

========================================================================
Received Import Request.
  Time since last request: 506.343772 seconds.
  path: Assets/Scenes
  artifactKey: Guid(8dee7f1dbe33f3446b140b1793cbba30) Importer(815301076,1909f56bfc062723c751e8b465ee728b)
Start importing Assets/Scenes using Guid(8dee7f1dbe33f3446b140b1793cbba30) Importer(815301076,1909f56bfc062723c751e8b465ee728b)  -> (artifact id: '4b58442c23875ee93428223db8593c85') in 0.008751 seconds
  Import took 0.012004 seconds .

========================================================================
Received Import Request.
  Time since last request: 14.300962 seconds.
  path: Assets/Scenes/Level1.unity
  artifactKey: Guid(b134e480f7c93dd47a23d178fb799baf) Importer(815301076,1909f56bfc062723c751e8b465ee728b)
Start importing Assets/Scenes/Level1.unity using Guid(b134e480f7c93dd47a23d178fb799baf) Importer(815301076,1909f56bfc062723c751e8b465ee728b)  -> (artifact id: '95870832b52c5836f9180d9b0659653e') in 0.011795 seconds
  Import took 0.014639 seconds .

========================================================================
Received Import Request.
  Time since last request: 17.341006 seconds.
  path: Assets/Scenes/Level2.unity
  artifactKey: Guid(bc06bb9729b23994082b5f5bdae41d6d) Importer(815301076,1909f56bfc062723c751e8b465ee728b)
Start importing Assets/Scenes/Level2.unity using Guid(bc06bb9729b23994082b5f5bdae41d6d) Importer(815301076,1909f56bfc062723c751e8b465ee728b)  -> (artifact id: '413dea6ab2bc61e3356726068d7a476f') in 0.005188 seconds
  Import took 0.008043 seconds .

========================================================================
Received Import Request.
  Time since last request: 91.331879 seconds.
  path: Assets/UI/Pad.png
  artifactKey: Guid(498adf86d4f89794a951641b98b56c52) Importer(815301076,1909f56bfc062723c751e8b465ee728b)
Start importing Assets/UI/Pad.png using Guid(498adf86d4f89794a951641b98b56c52) Importer(815301076,1909f56bfc062723c751e8b465ee728b)  -> (artifact id: 'a18640d77e75899fab5c02c332d202e5') in 0.024119 seconds
  Import took 0.026863 seconds .

========================================================================
Received Import Request.
  Time since last request: 33.056051 seconds.
  path: Assets/UI/Pad.png
  artifactKey: Guid(498adf86d4f89794a951641b98b56c52) Importer(815301076,1909f56bfc062723c751e8b465ee728b)
Start importing Assets/UI/Pad.png using Guid(498adf86d4f89794a951641b98b56c52) Importer(815301076,1909f56bfc062723c751e8b465ee728b)  -> (artifact id: 'b880bc48f67f11d40f7d95578bf88e3a') in 0.031316 seconds
  Import took 0.034041 seconds .

========================================================================
Received Import Request.
  Time since last request: 10.953633 seconds.
  path: Assets/UI/Pad.png
  artifactKey: Guid(498adf86d4f89794a951641b98b56c52) Importer(815301076,1909f56bfc062723c751e8b465ee728b)
Start importing Assets/UI/Pad.png using Guid(498adf86d4f89794a951641b98b56c52) Importer(815301076,1909f56bfc062723c751e8b465ee728b)  -> (artifact id: 'ee7962bcc854a571bff06ea85c998569') in 0.016721 seconds
  Import took 0.019621 seconds .

========================================================================
Received Import Request.
  Time since last request: 34.229666 seconds.
  path: Assets/Map/New Palette.prefab
  artifactKey: Guid(dc9fb4c337f124941bdc18e38b9982cf) Importer(815301076,1909f56bfc062723c751e8b465ee728b)
Start importing Assets/Map/New Palette.prefab using Guid(dc9fb4c337f124941bdc18e38b9982cf) Importer(815301076,1909f56bfc062723c751e8b465ee728b)  -> (artifact id: 'b5db5844d2b30fb602fe4b8a8451e1f1') in 0.016703 seconds
  Import took 0.019607 seconds .

========================================================================
Received Import Request.
  Time since last request: 0.000179 seconds.
  path: Assets/Map/Platform_2.asset
  artifactKey: Guid(ef8bb7263dbb7d440ab0db97296f7b61) Importer(815301076,1909f56bfc062723c751e8b465ee728b)
Start importing Assets/Map/Platform_2.asset using Guid(ef8bb7263dbb7d440ab0db97296f7b61) Importer(815301076,1909f56bfc062723c751e8b465ee728b)  -> (artifact id: 'ca5d40135675ac57181f37fd7b2eeb3c') in 0.067974 seconds
  Import took 0.070602 seconds .

========================================================================
Received Import Request.
  Time since last request: 0.000291 seconds.
  path: Assets/Map/Platform_0.asset
  artifactKey: Guid(09fb043cdd5160a4b94bf88f296e25f6) Importer(815301076,1909f56bfc062723c751e8b465ee728b)
Start importing Assets/Map/Platform_0.asset using Guid(09fb043cdd5160a4b94bf88f296e25f6) Importer(815301076,1909f56bfc062723c751e8b465ee728b)  -> (artifact id: '800ec356304574e0f04af715fe9e699c') in 0.010538 seconds
  Import took 0.013319 seconds .

========================================================================
Received Import Request.
  Time since last request: 0.000169 seconds.
  path: Assets/Map/Platform_1.asset
  artifactKey: Guid(b9961bee816988c478436e64ea97e52d) Importer(815301076,1909f56bfc062723c751e8b465ee728b)
Start importing Assets/Map/Platform_1.asset using Guid(b9961bee816988c478436e64ea97e52d) Importer(815301076,1909f56bfc062723c751e8b465ee728b)  -> (artifact id: '248d25e7d8d9b978b1d6addb6438b2b5') in 0.009023 seconds
  Import took 0.011657 seconds .

========================================================================
Received Import Request.
  Time since last request: 10.197306 seconds.
  path: Assets/Script/Pad.cs
  artifactKey: Guid(85a2427203b4be44fa31e3ce8a3f1ea5) Importer(815301076,1909f56bfc062723c751e8b465ee728b)
Start importing Assets/Script/Pad.cs using Guid(85a2427203b4be44fa31e3ce8a3f1ea5) Importer(815301076,1909f56bfc062723c751e8b465ee728b)  -> (artifact id: '2ea15205a32feb5b740af2c483bd8d54') in 0.001838 seconds
  Import took 0.004623 seconds .

========================================================================
Received Prepare
Registering precompiled user dll's ...
Registered in 0.005191 seconds.
Begin MonoManager ReloadAssembly
Native extension for WindowsStandalone target not found
Refreshing native plugins compatible for Editor in 0.43 ms, found 2 plugins.
Preloading 0 native plugins for Editor in 0.00 ms.
Invoked RoslynAnalysisRunner static constructor.
RoslynAnalysisRunner will not be running.
RoslynAnalysisRunner has terminated.
Mono: successfully reloaded assembly
- Completed reload, in  0.783 seconds
Platform modules already initialized, skipping
Refreshing native plugins compatible for Editor in 0.43 ms, found 2 plugins.
Preloading 0 native plugins for Editor in 0.00 ms.
Unloading 1808 Unused Serialized files (Serialized files now loaded: 0)
System memory in use before: 92.2 MB.
System memory in use after: 92.2 MB.

Unloading 28 unused Assets to reduce memory usage. Loaded Objects now: 2382.
Total: 1.926700 ms (FindLiveObjects: 0.320800 ms CreateObjectMapping: 0.086500 ms MarkObjects: 1.425400 ms  DeleteObjects: 0.093000 ms)

========================================================================
Received Prepare
Registering precompiled user dll's ...
Registered in 0.004911 seconds.
Begin MonoManager ReloadAssembly
Native extension for WindowsStandalone target not found
Refreshing native plugins compatible for Editor in 0.51 ms, found 2 plugins.
Preloading 0 native plugins for Editor in 0.00 ms.
Invoked RoslynAnalysisRunner static constructor.
RoslynAnalysisRunner will not be running.
RoslynAnalysisRunner has terminated.
Mono: successfully reloaded assembly
- Completed reload, in  0.740 seconds
Platform modules already initialized, skipping
Refreshing native plugins compatible for Editor in 0.43 ms, found 2 plugins.
Preloading 0 native plugins for Editor in 0.00 ms.
Unloading 1808 Unused Serialized files (Serialized files now loaded: 0)
System memory in use before: 92.3 MB.
System memory in use after: 92.3 MB.

Unloading 28 unused Assets to reduce memory usage. Loaded Objects now: 2385.
Total: 2.193600 ms (FindLiveObjects: 0.241900 ms CreateObjectMapping: 0.077400 ms MarkObjects: 1.749700 ms  DeleteObjects: 0.122500 ms)

========================================================================
Received Import Request.
  Time since last request: 150.036558 seconds.
  path: Assets/Script/Pad.cs
  artifactKey: Guid(85a2427203b4be44fa31e3ce8a3f1ea5) Importer(815301076,1909f56bfc062723c751e8b465ee728b)
Start importing Assets/Script/Pad.cs using Guid(85a2427203b4be44fa31e3ce8a3f1ea5) Importer(815301076,1909f56bfc062723c751e8b465ee728b)  -> (artifact id: '64dd909323865cf7c3f56f1ebe9d343c') in 0.003817 seconds
  Import took 0.006645 seconds .

========================================================================
Received Prepare
Registering precompiled user dll's ...
Registered in 0.006021 seconds.
Begin MonoManager ReloadAssembly
Native extension for WindowsStandalone target not found
Refreshing native plugins compatible for Editor in 0.42 ms, found 2 plugins.
Preloading 0 native plugins for Editor in 0.00 ms.
Invoked RoslynAnalysisRunner static constructor.
RoslynAnalysisRunner will not be running.
RoslynAnalysisRunner has terminated.
Mono: successfully reloaded assembly
- Completed reload, in  0.766 seconds
Platform modules already initialized, skipping
Refreshing native plugins compatible for Editor in 0.44 ms, found 2 plugins.
Preloading 0 native plugins for Editor in 0.00 ms.
Unloading 1808 Unused Serialized files (Serialized files now loaded: 0)
System memory in use before: 92.3 MB.
System memory in use after: 92.3 MB.

Unloading 28 unused Assets to reduce memory usage. Loaded Objects now: 2388.
Total: 1.862500 ms (FindLiveObjects: 0.294200 ms CreateObjectMapping: 0.105300 ms MarkObjects: 1.368500 ms  DeleteObjects: 0.093900 ms)

========================================================================
Received Prepare
Registering precompiled user dll's ...
Registered in 0.005083 seconds.
Begin MonoManager ReloadAssembly
Native extension for WindowsStandalone target not found
Refreshing native plugins compatible for Editor in 0.45 ms, found 2 plugins.
Preloading 0 native plugins for Editor in 0.00 ms.
Invoked RoslynAnalysisRunner static constructor.
RoslynAnalysisRunner will not be running.
RoslynAnalysisRunner has terminated.
Mono: successfully reloaded assembly
- Completed reload, in  0.761 seconds
Platform modules already initialized, skipping
Refreshing native plugins compatible for Editor in 0.42 ms, found 2 plugins.
Preloading 0 native plugins for Editor in 0.00 ms.
Unloading 1808 Unused Serialized files (Serialized files now loaded: 0)
System memory in use before: 92.5 MB.
System memory in use after: 92.5 MB.

Unloading 28 unused Assets to reduce memory usage. Loaded Objects now: 2391.
Total: 1.883400 ms (FindLiveObjects: 0.303700 ms CreateObjectMapping: 0.107400 ms MarkObjects: 1.374400 ms  DeleteObjects: 0.095300 ms)

========================================================================
Received Prepare
Registering precompiled user dll's ...
Registered in 0.006520 seconds.
Begin MonoManager ReloadAssembly
Native extension for WindowsStandalone target not found
Refreshing native plugins compatible for Editor in 0.42 ms, found 2 plugins.
Preloading 0 native plugins for Editor in 0.00 ms.
Invoked RoslynAnalysisRunner static constructor.
RoslynAnalysisRunner will not be running.
RoslynAnalysisRunner has terminated.
Mono: successfully reloaded assembly
- Completed reload, in  0.731 seconds
Platform modules already initialized, skipping
Refreshing native plugins compatible for Editor in 0.54 ms, found 2 plugins.
Preloading 0 native plugins for Editor in 0.00 ms.
Unloading 1808 Unused Serialized files (Serialized files now loaded: 0)
System memory in use before: 92.6 MB.
System memory in use after: 92.6 MB.

Unloading 28 unused Assets to reduce memory usage. Loaded Objects now: 2394.
Total: 2.156200 ms (FindLiveObjects: 0.473900 ms CreateObjectMapping: 0.131700 ms MarkObjects: 1.451000 ms  DeleteObjects: 0.096900 ms)

========================================================================
Received Prepare
Registering precompiled user dll's ...
Registered in 0.005115 seconds.
Begin MonoManager ReloadAssembly
Native extension for WindowsStandalone target not found
Refreshing native plugins compatible for Editor in 0.43 ms, found 2 plugins.
Preloading 0 native plugins for Editor in 0.00 ms.
Invoked RoslynAnalysisRunner static constructor.
RoslynAnalysisRunner will not be running.
RoslynAnalysisRunner has terminated.
Mono: successfully reloaded assembly
- Completed reload, in  0.728 seconds
Platform modules already initialized, skipping
Refreshing native plugins compatible for Editor in 0.42 ms, found 2 plugins.
Preloading 0 native plugins for Editor in 0.00 ms.
Unloading 1808 Unused Serialized files (Serialized files now loaded: 0)
System memory in use before: 92.7 MB.
System memory in use after: 92.7 MB.

Unloading 28 unused Assets to reduce memory usage. Loaded Objects now: 2397.
Total: 1.866900 ms (FindLiveObjects: 0.192100 ms CreateObjectMapping: 0.070300 ms MarkObjects: 1.506800 ms  DeleteObjects: 0.097000 ms)

========================================================================
Received Import Request.
  Time since last request: 240.026200 seconds.
  path: Assets/Scenes/Level1.unity
  artifactKey: Guid(b134e480f7c93dd47a23d178fb799baf) Importer(815301076,1909f56bfc062723c751e8b465ee728b)
Start importing Assets/Scenes/Level1.unity using Guid(b134e480f7c93dd47a23d178fb799baf) Importer(815301076,1909f56bfc062723c751e8b465ee728b)  -> (artifact id: '64dadaf38a45997ffcabadb2893593a5') in 0.009292 seconds
  Import took 0.011917 seconds .

========================================================================
Received Prepare
Registering precompiled user dll's ...
Registered in 0.004569 seconds.
Begin MonoManager ReloadAssembly
Native extension for WindowsStandalone target not found
Refreshing native plugins compatible for Editor in 1.21 ms, found 2 plugins.
Preloading 0 native plugins for Editor in 0.00 ms.
Invoked RoslynAnalysisRunner static constructor.
RoslynAnalysisRunner will not be running.
RoslynAnalysisRunner has terminated.
Mono: successfully reloaded assembly
- Completed reload, in  0.754 seconds
Platform modules already initialized, skipping
Refreshing native plugins compatible for Editor in 0.45 ms, found 2 plugins.
Preloading 0 native plugins for Editor in 0.00 ms.
Unloading 1808 Unused Serialized files (Serialized files now loaded: 0)
System memory in use before: 92.9 MB.
System memory in use after: 92.9 MB.

Unloading 28 unused Assets to reduce memory usage. Loaded Objects now: 2400.
Total: 1.742000 ms (FindLiveObjects: 0.268100 ms CreateObjectMapping: 0.073800 ms MarkObjects: 1.309500 ms  DeleteObjects: 0.089700 ms)

========================================================================
Received Import Request.
  Time since last request: 369.739943 seconds.
  path: Assets/Resources
  artifactKey: Guid(dcaf7134c8e4e70429d6f1ad37c617b0) Importer(815301076,1909f56bfc062723c751e8b465ee728b)
Start importing Assets/Resources using Guid(dcaf7134c8e4e70429d6f1ad37c617b0) Importer(815301076,1909f56bfc062723c751e8b465ee728b)  -> (artifact id: '843f143d9977bf5da97cc4f371a8fbe9') in 0.008181 seconds
  Import took 0.011443 seconds .

========================================================================
Received Import Request.
  Time since last request: 0.000645 seconds.
  path: Assets/Resources
  artifactKey: Guid(dcaf7134c8e4e70429d6f1ad37c617b0) Importer(815301076,1909f56bfc062723c751e8b465ee728b)
Start importing Assets/Resources using Guid(dcaf7134c8e4e70429d6f1ad37c617b0) Importer(815301076,1909f56bfc062723c751e8b465ee728b)  -> (artifact id: '843f143d9977bf5da97cc4f371a8fbe9') in 0.001924 seconds
  Import took 0.004817 seconds .

========================================================================
Received Import Request.
  Time since last request: 81.637572 seconds.
  path: Assets/Macro/Enemy.asset
  artifactKey: Guid(448b5140c5c065842a7fcbeb8b282887) Importer(815301076,1909f56bfc062723c751e8b465ee728b)
Start importing Assets/Macro/Enemy.asset using Guid(448b5140c5c065842a7fcbeb8b282887) Importer(815301076,1909f56bfc062723c751e8b465ee728b)  -> (artifact id: '49eccc12c49d804a4e7be1a18cd69696') in 0.508043 seconds
  Import took 0.510727 seconds .

========================================================================
Received Prepare
Registering precompiled user dll's ...
Registered in 0.004744 seconds.
Begin MonoManager ReloadAssembly
Native extension for WindowsStandalone target not found
Refreshing native plugins compatible for Editor in 0.42 ms, found 2 plugins.
Preloading 0 native plugins for Editor in 0.00 ms.
Invoked RoslynAnalysisRunner static constructor.
RoslynAnalysisRunner will not be running.
RoslynAnalysisRunner has terminated.
Mono: successfully reloaded assembly
- Completed reload, in  0.726 seconds
Platform modules already initialized, skipping
Refreshing native plugins compatible for Editor in 0.52 ms, found 2 plugins.
Preloading 0 native plugins for Editor in 0.00 ms.
Unloading 1808 Unused Serialized files (Serialized files now loaded: 0)
System memory in use before: 93.0 MB.
System memory in use after: 93.0 MB.

Unloading 28 unused Assets to reduce memory usage. Loaded Objects now: 2403.
Total: 2.069600 ms (FindLiveObjects: 0.274100 ms CreateObjectMapping: 0.122700 ms MarkObjects: 1.565900 ms  DeleteObjects: 0.105700 ms)

========================================================================
Received Prepare
Registering precompiled user dll's ...
Registered in 0.005063 seconds.
Begin MonoManager ReloadAssembly
Native extension for WindowsStandalone target not found
Refreshing native plugins compatible for Editor in 0.43 ms, found 2 plugins.
Preloading 0 native plugins for Editor in 0.00 ms.
Invoked RoslynAnalysisRunner static constructor.
RoslynAnalysisRunner will not be running.
RoslynAnalysisRunner has terminated.
Mono: successfully reloaded assembly
- Completed reload, in  0.742 seconds
Platform modules already initialized, skipping
Refreshing native plugins compatible for Editor in 0.50 ms, found 2 plugins.
Preloading 0 native plugins for Editor in 0.00 ms.
Unloading 1808 Unused Serialized files (Serialized files now loaded: 0)
System memory in use before: 93.1 MB.
System memory in use after: 93.1 MB.

Unloading 28 unused Assets to reduce memory usage. Loaded Objects now: 2406.
Total: 2.076800 ms (FindLiveObjects: 0.479900 ms CreateObjectMapping: 0.121600 ms MarkObjects: 1.374000 ms  DeleteObjects: 0.099800 ms)

========================================================================
Received Prepare
Registering precompiled user dll's ...
Registered in 0.004744 seconds.
Begin MonoManager ReloadAssembly
Native extension for WindowsStandalone target not found
Refreshing native plugins compatible for Editor in 0.56 ms, found 2 plugins.
Preloading 0 native plugins for Editor in 0.00 ms.
Invoked RoslynAnalysisRunner static constructor.
RoslynAnalysisRunner will not be running.
RoslynAnalysisRunner has terminated.
Mono: successfully reloaded assembly
- Completed reload, in  0.730 seconds
Platform modules already initialized, skipping
Refreshing native plugins compatible for Editor in 0.43 ms, found 2 plugins.
Preloading 0 native plugins for Editor in 0.00 ms.
Unloading 1808 Unused Serialized files (Serialized files now loaded: 0)
System memory in use before: 93.2 MB.
System memory in use after: 93.2 MB.

Unloading 28 unused Assets to reduce memory usage. Loaded Objects now: 2409.
Total: 2.186800 ms (FindLiveObjects: 0.398600 ms CreateObjectMapping: 0.105700 ms MarkObjects: 1.580300 ms  DeleteObjects: 0.100800 ms)

========================================================================
Received Prepare
Registering precompiled user dll's ...
Registered in 0.004627 seconds.
Begin MonoManager ReloadAssembly
Native extension for WindowsStandalone target not found
Refreshing native plugins compatible for Editor in 0.44 ms, found 2 plugins.
Preloading 0 native plugins for Editor in 0.00 ms.
Invoked RoslynAnalysisRunner static constructor.
RoslynAnalysisRunner will not be running.
RoslynAnalysisRunner has terminated.
Mono: successfully reloaded assembly
- Completed reload, in  0.733 seconds
Platform modules already initialized, skipping
Refreshing native plugins compatible for Editor in 0.41 ms, found 2 plugins.
Preloading 0 native plugins for Editor in 0.00 ms.
Unloading 1808 Unused Serialized files (Serialized files now loaded: 0)
System memory in use before: 93.3 MB.
System memory in use after: 93.3 MB.

Unloading 28 unused Assets to reduce memory usage. Loaded Objects now: 2412.
Total: 2.065300 ms (FindLiveObjects: 0.270700 ms CreateObjectMapping: 0.081000 ms MarkObjects: 1.615500 ms  DeleteObjects: 0.097200 ms)

========================================================================
Received Prepare
Registering precompiled user dll's ...
Registered in 0.004671 seconds.
Begin MonoManager ReloadAssembly
Native extension for WindowsStandalone target not found
Refreshing native plugins compatible for Editor in 0.43 ms, found 2 plugins.
Preloading 0 native plugins for Editor in 0.00 ms.
Invoked RoslynAnalysisRunner static constructor.
RoslynAnalysisRunner will not be running.
RoslynAnalysisRunner has terminated.
Mono: successfully reloaded assembly
- Completed reload, in  0.750 seconds
Platform modules already initialized, skipping
Refreshing native plugins compatible for Editor in 0.47 ms, found 2 plugins.
Preloading 0 native plugins for Editor in 0.00 ms.
Unloading 1808 Unused Serialized files (Serialized files now loaded: 0)
System memory in use before: 93.4 MB.
System memory in use after: 93.4 MB.

Unloading 28 unused Assets to reduce memory usage. Loaded Objects now: 2415.
Total: 1.731300 ms (FindLiveObjects: 0.189900 ms CreateObjectMapping: 0.064200 ms MarkObjects: 1.379100 ms  DeleteObjects: 0.097500 ms)

========================================================================
Received Prepare
Registering precompiled user dll's ...
Registered in 0.004701 seconds.
Begin MonoManager ReloadAssembly
Native extension for WindowsStandalone target not found
Refreshing native plugins compatible for Editor in 0.45 ms, found 2 plugins.
Preloading 0 native plugins for Editor in 0.00 ms.
Invoked RoslynAnalysisRunner static constructor.
RoslynAnalysisRunner will not be running.
RoslynAnalysisRunner has terminated.
Mono: successfully reloaded assembly
- Completed reload, in  0.743 seconds
Platform modules already initialized, skipping
Refreshing native plugins compatible for Editor in 0.61 ms, found 2 plugins.
Preloading 0 native plugins for Editor in 0.00 ms.
Unloading 1808 Unused Serialized files (Serialized files now loaded: 0)
System memory in use before: 92.6 MB.
System memory in use after: 92.6 MB.

Unloading 28 unused Assets to reduce memory usage. Loaded Objects now: 2418.
Total: 2.078200 ms (FindLiveObjects: 0.320300 ms CreateObjectMapping: 0.100200 ms MarkObjects: 1.551200 ms  DeleteObjects: 0.104800 ms)

========================================================================
Received Prepare
Registering precompiled user dll's ...
Registered in 0.004790 seconds.
Begin MonoManager ReloadAssembly
Native extension for WindowsStandalone target not found
Refreshing native plugins compatible for Editor in 1.18 ms, found 2 plugins.
Preloading 0 native plugins for Editor in 0.00 ms.
Invoked RoslynAnalysisRunner static constructor.
RoslynAnalysisRunner will not be running.
RoslynAnalysisRunner has terminated.
Mono: successfully reloaded assembly
- Completed reload, in  0.786 seconds
Platform modules already initialized, skipping
Refreshing native plugins compatible for Editor in 0.42 ms, found 2 plugins.
Preloading 0 native plugins for Editor in 0.00 ms.
Unloading 1808 Unused Serialized files (Serialized files now loaded: 0)
System memory in use before: 92.7 MB.
System memory in use after: 92.7 MB.

Unloading 28 unused Assets to reduce memory usage. Loaded Objects now: 2421.
Total: 1.971400 ms (FindLiveObjects: 0.365400 ms CreateObjectMapping: 0.124100 ms MarkObjects: 1.371800 ms  DeleteObjects: 0.109400 ms)

========================================================================
Received Prepare
Registering precompiled user dll's ...
Registered in 0.004615 seconds.
Begin MonoManager ReloadAssembly
Native extension for WindowsStandalone target not found
Refreshing native plugins compatible for Editor in 1.25 ms, found 2 plugins.
Preloading 0 native plugins for Editor in 0.00 ms.
Invoked RoslynAnalysisRunner static constructor.
RoslynAnalysisRunner will not be running.
RoslynAnalysisRunner has terminated.
Mono: successfully reloaded assembly
- Completed reload, in  0.746 seconds
Platform modules already initialized, skipping
Refreshing native plugins compatible for Editor in 0.42 ms, found 2 plugins.
Preloading 0 native plugins for Editor in 0.00 ms.
Unloading 1808 Unused Serialized files (Serialized files now loaded: 0)
System memory in use before: 92.8 MB.
System memory in use after: 92.8 MB.

Unloading 28 unused Assets to reduce memory usage. Loaded Objects now: 2424.
Total: 1.951600 ms (FindLiveObjects: 0.230700 ms CreateObjectMapping: 0.081000 ms MarkObjects: 1.538000 ms  DeleteObjects: 0.100900 ms)

========================================================================
Received Import Request.
  Time since last request: 1463.781440 seconds.
  path: Assets/Script/DataManager.cs
  artifactKey: Guid(94e2f409021ec1045beac54236dc73b4) Importer(815301076,1909f56bfc062723c751e8b465ee728b)
Start importing Assets/Script/DataManager.cs using Guid(94e2f409021ec1045beac54236dc73b4) Importer(815301076,1909f56bfc062723c751e8b465ee728b)  -> (artifact id: 'b09246980ce47c2cb49f75aefbf81e77') in 0.012040 seconds
  Import took 0.016741 seconds .

========================================================================
Received Prepare
Registering precompiled user dll's ...
Registered in 0.004772 seconds.
Begin MonoManager ReloadAssembly
Native extension for WindowsStandalone target not found
Refreshing native plugins compatible for Editor in 0.43 ms, found 2 plugins.
Preloading 0 native plugins for Editor in 0.00 ms.
Invoked RoslynAnalysisRunner static constructor.
RoslynAnalysisRunner will not be running.
RoslynAnalysisRunner has terminated.
Mono: successfully reloaded assembly
- Completed reload, in  0.737 seconds
Platform modules already initialized, skipping
Refreshing native plugins compatible for Editor in 0.56 ms, found 2 plugins.
Preloading 0 native plugins for Editor in 0.00 ms.
Unloading 1809 Unused Serialized files (Serialized files now loaded: 0)
System memory in use before: 92.9 MB.
System memory in use after: 92.9 MB.

Unloading 28 unused Assets to reduce memory usage. Loaded Objects now: 2428.
Total: 2.576100 ms (FindLiveObjects: 0.371900 ms CreateObjectMapping: 0.114000 ms MarkObjects: 1.977600 ms  DeleteObjects: 0.111200 ms)

========================================================================
Received Prepare
Registering precompiled user dll's ...
Registered in 0.005064 seconds.
Begin MonoManager ReloadAssembly
Native extension for WindowsStandalone target not found
Refreshing native plugins compatible for Editor in 0.56 ms, found 2 plugins.
Preloading 0 native plugins for Editor in 0.00 ms.
Invoked RoslynAnalysisRunner static constructor.
RoslynAnalysisRunner will not be running.
RoslynAnalysisRunner has terminated.
Mono: successfully reloaded assembly
- Completed reload, in  0.778 seconds
Platform modules already initialized, skipping
Refreshing native plugins compatible for Editor in 0.43 ms, found 2 plugins.
Preloading 0 native plugins for Editor in 0.00 ms.
Unloading 1809 Unused Serialized files (Serialized files now loaded: 0)
System memory in use before: 93.0 MB.
System memory in use after: 93.0 MB.

Unloading 28 unused Assets to reduce memory usage. Loaded Objects now: 2431.
Total: 2.079800 ms (FindLiveObjects: 0.334000 ms CreateObjectMapping: 0.090300 ms MarkObjects: 1.551800 ms  DeleteObjects: 0.102400 ms)

========================================================================
Received Import Request.
  Time since last request: 650.050345 seconds.
  path: Assets/Script/UIManager.cs
  artifactKey: Guid(8a49fdce6b42562499edf831f6b35ad7) Importer(815301076,1909f56bfc062723c751e8b465ee728b)
Start importing Assets/Script/UIManager.cs using Guid(8a49fdce6b42562499edf831f6b35ad7) Importer(815301076,1909f56bfc062723c751e8b465ee728b)  -> (artifact id: '8280cd5f369c33517b0159796b91928f') in 0.011561 seconds
  Import took 0.014584 seconds .

========================================================================
Received Prepare
Registering precompiled user dll's ...
Registered in 0.004931 seconds.
Begin MonoManager ReloadAssembly
Native extension for WindowsStandalone target not found
Refreshing native plugins compatible for Editor in 0.46 ms, found 2 plugins.
Preloading 0 native plugins for Editor in 0.00 ms.
Invoked RoslynAnalysisRunner static constructor.
RoslynAnalysisRunner will not be running.
RoslynAnalysisRunner has terminated.
Mono: successfully reloaded assembly
- Completed reload, in  0.775 seconds
Platform modules already initialized, skipping
Refreshing native plugins compatible for Editor in 0.45 ms, found 2 plugins.
Preloading 0 native plugins for Editor in 0.00 ms.
Unloading 1810 Unused Serialized files (Serialized files now loaded: 0)
System memory in use before: 93.2 MB.
System memory in use after: 93.2 MB.

Unloading 28 unused Assets to reduce memory usage. Loaded Objects now: 2435.
Total: 2.159300 ms (FindLiveObjects: 0.461700 ms CreateObjectMapping: 0.099600 ms MarkObjects: 1.497400 ms  DeleteObjects: 0.099000 ms)

========================================================================
Received Prepare
Registering precompiled user dll's ...
Registered in 0.004880 seconds.
Begin MonoManager ReloadAssembly
Native extension for WindowsStandalone target not found
Refreshing native plugins compatible for Editor in 0.44 ms, found 2 plugins.
Preloading 0 native plugins for Editor in 0.00 ms.
Invoked RoslynAnalysisRunner static constructor.
RoslynAnalysisRunner will not be running.
RoslynAnalysisRunner has terminated.
Mono: successfully reloaded assembly
- Completed reload, in  0.752 seconds
Platform modules already initialized, skipping
Refreshing native plugins compatible for Editor in 0.77 ms, found 2 plugins.
Preloading 0 native plugins for Editor in 0.00 ms.
Unloading 1810 Unused Serialized files (Serialized files now loaded: 0)
System memory in use before: 93.3 MB.
System memory in use after: 93.3 MB.

Unloading 28 unused Assets to reduce memory usage. Loaded Objects now: 2438.
Total: 4.117200 ms (FindLiveObjects: 0.446600 ms CreateObjectMapping: 0.244000 ms MarkObjects: 3.253100 ms  DeleteObjects: 0.171400 ms)

========================================================================
Received Import Request.
  Time since last request: 212.272827 seconds.
  path: Assets/Script/UIManager.cs
  artifactKey: Guid(8a49fdce6b42562499edf831f6b35ad7) Importer(815301076,1909f56bfc062723c751e8b465ee728b)
Start importing Assets/Script/UIManager.cs using Guid(8a49fdce6b42562499edf831f6b35ad7) Importer(815301076,1909f56bfc062723c751e8b465ee728b)  -> (artifact id: '068e2d603b99b4923e8b6bc910265672') in 0.004167 seconds
  Import took 0.006929 seconds .

========================================================================
Received Import Request.
  Time since last request: 4.336674 seconds.
  path: Assets/UI/UI.png
  artifactKey: Guid(2c2c13737b012574c97d4d04e5b952cf) Importer(815301076,1909f56bfc062723c751e8b465ee728b)
Start importing Assets/UI/UI.png using Guid(2c2c13737b012574c97d4d04e5b952cf) Importer(815301076,1909f56bfc062723c751e8b465ee728b)  -> (artifact id: '790fbbf6f426726dd3b5c78da88eba49') in 0.033195 seconds
  Import took 0.036865 seconds .

========================================================================
Received Import Request.
  Time since last request: 4.016405 seconds.
  path: Assets/UI/UI.png
  artifactKey: Guid(2c2c13737b012574c97d4d04e5b952cf) Importer(815301076,1909f56bfc062723c751e8b465ee728b)
Start importing Assets/UI/UI.png using Guid(2c2c13737b012574c97d4d04e5b952cf) Importer(815301076,1909f56bfc062723c751e8b465ee728b)  -> (artifact id: '9f38b0ac0d4ec91e4b7cea3b3691bb96') in 0.058883 seconds
  Import took 0.062697 seconds .

========================================================================
Received Prepare
Registering precompiled user dll's ...
Registered in 0.005394 seconds.
Begin MonoManager ReloadAssembly
Native extension for WindowsStandalone target not found
Refreshing native plugins compatible for Editor in 0.45 ms, found 2 plugins.
Preloading 0 native plugins for Editor in 0.00 ms.
Invoked RoslynAnalysisRunner static constructor.
RoslynAnalysisRunner will not be running.
RoslynAnalysisRunner has terminated.
Mono: successfully reloaded assembly
- Completed reload, in  0.752 seconds
Platform modules already initialized, skipping
Refreshing native plugins compatible for Editor in 0.46 ms, found 2 plugins.
Preloading 0 native plugins for Editor in 0.00 ms.
Unloading 1810 Unused Serialized files (Serialized files now loaded: 0)
System memory in use before: 93.5 MB.
System memory in use after: 93.5 MB.

Unloading 28 unused Assets to reduce memory usage. Loaded Objects now: 2480.
Total: 3.342000 ms (FindLiveObjects: 0.692900 ms CreateObjectMapping: 0.250800 ms MarkObjects: 2.292600 ms  DeleteObjects: 0.102900 ms)

========================================================================
Received Import Request.
  Time since last request: 806.326708 seconds.
  path: Assets/Script/SaveData.cs
  artifactKey: Guid(6bce9951087ecc741b568bdf87d27dea) Importer(815301076,1909f56bfc062723c751e8b465ee728b)
Start importing Assets/Script/SaveData.cs using Guid(6bce9951087ecc741b568bdf87d27dea) Importer(815301076,1909f56bfc062723c751e8b465ee728b)  -> (artifact id: '3f07a2550dad00963734ec81ec21bb36') in 0.008756 seconds
  Import took 0.011961 seconds .

========================================================================
Received Prepare
Registering precompiled user dll's ...
Registered in 0.004414 seconds.
Begin MonoManager ReloadAssembly
Native extension for WindowsStandalone target not found
Refreshing native plugins compatible for Editor in 0.46 ms, found 2 plugins.
Preloading 0 native plugins for Editor in 0.00 ms.
Invoked RoslynAnalysisRunner static constructor.
RoslynAnalysisRunner will not be running.
RoslynAnalysisRunner has terminated.
Mono: successfully reloaded assembly
- Completed reload, in  0.763 seconds
Platform modules already initialized, skipping
Refreshing native plugins compatible for Editor in 0.42 ms, found 2 plugins.
Preloading 0 native plugins for Editor in 0.00 ms.
Unloading 1811 Unused Serialized files (Serialized files now loaded: 0)
System memory in use before: 93.6 MB.
System memory in use after: 93.6 MB.

Unloading 28 unused Assets to reduce memory usage. Loaded Objects now: 2484.
Total: 2.038800 ms (FindLiveObjects: 0.239500 ms CreateObjectMapping: 0.073200 ms MarkObjects: 1.628800 ms  DeleteObjects: 0.096200 ms)

========================================================================
Received Import Request.
  Time since last request: 1305.216537 seconds.
  path: Assets/Script/SaveData.cs
  artifactKey: Guid(6bce9951087ecc741b568bdf87d27dea) Importer(815301076,1909f56bfc062723c751e8b465ee728b)
Start importing Assets/Script/SaveData.cs using Guid(6bce9951087ecc741b568bdf87d27dea) Importer(815301076,1909f56bfc062723c751e8b465ee728b)  -> (artifact id: '4f2b47fd328e4a733cb7effe9780c507') in 0.008709 seconds
  Import took 0.012352 seconds .

========================================================================
Received Import Request.
  Time since last request: 0.005783 seconds.
  path: Assets/Script/SaveData.cs
  artifactKey: Guid(6bce9951087ecc741b568bdf87d27dea) Importer(815301076,1909f56bfc062723c751e8b465ee728b)
Start importing Assets/Script/SaveData.cs using Guid(6bce9951087ecc741b568bdf87d27dea) Importer(815301076,1909f56bfc062723c751e8b465ee728b)  -> (artifact id: '4f2b47fd328e4a733cb7effe9780c507') in 0.001762 seconds
  Import took 0.004889 seconds .

========================================================================
Received Prepare
Registering precompiled user dll's ...
Registered in 0.004542 seconds.
Begin MonoManager ReloadAssembly
Native extension for WindowsStandalone target not found
Refreshing native plugins compatible for Editor in 1.11 ms, found 2 plugins.
Preloading 0 native plugins for Editor in 0.00 ms.
Invoked RoslynAnalysisRunner static constructor.
RoslynAnalysisRunner will not be running.
RoslynAnalysisRunner has terminated.
Mono: successfully reloaded assembly
- Completed reload, in  0.771 seconds
Platform modules already initialized, skipping
Refreshing native plugins compatible for Editor in 0.53 ms, found 2 plugins.
Preloading 0 native plugins for Editor in 0.00 ms.
Unloading 1811 Unused Serialized files (Serialized files now loaded: 0)
System memory in use before: 92.7 MB.
System memory in use after: 92.7 MB.

Unloading 28 unused Assets to reduce memory usage. Loaded Objects now: 2487.
Total: 2.684100 ms (FindLiveObjects: 0.634500 ms CreateObjectMapping: 0.209600 ms MarkObjects: 1.728200 ms  DeleteObjects: 0.109800 ms)

========================================================================
Received Prepare
Registering precompiled user dll's ...
Registered in 0.004831 seconds.
Begin MonoManager ReloadAssembly
Native extension for WindowsStandalone target not found
Refreshing native plugins compatible for Editor in 0.43 ms, found 2 plugins.
Preloading 0 native plugins for Editor in 0.00 ms.
Invoked RoslynAnalysisRunner static constructor.
RoslynAnalysisRunner will not be running.
RoslynAnalysisRunner has terminated.
Mono: successfully reloaded assembly
- Completed reload, in  0.754 seconds
Platform modules already initialized, skipping
Refreshing native plugins compatible for Editor in 0.48 ms, found 2 plugins.
Preloading 0 native plugins for Editor in 0.00 ms.
Unloading 1811 Unused Serialized files (Serialized files now loaded: 0)
System memory in use before: 92.8 MB.
System memory in use after: 92.8 MB.

Unloading 28 unused Assets to reduce memory usage. Loaded Objects now: 2490.
Total: 2.078400 ms (FindLiveObjects: 0.470100 ms CreateObjectMapping: 0.111900 ms MarkObjects: 1.402400 ms  DeleteObjects: 0.093000 ms)

========================================================================
Received Import Request.
  Time since last request: 310.375124 seconds.
  path: Assets/UI/flatLight22.png
  artifactKey: Guid(871ff2f59f4d0f445b1b5fb26f31a2d3) Importer(815301076,1909f56bfc062723c751e8b465ee728b)
Start importing Assets/UI/flatLight22.png using Guid(871ff2f59f4d0f445b1b5fb26f31a2d3) Importer(815301076,1909f56bfc062723c751e8b465ee728b)  -> (artifact id: '1e2feb3c81e8a6611264dbd529fb8bf4') in 0.044660 seconds
  Import took 0.047985 seconds .

========================================================================
Received Import Request.
  Time since last request: 0.000173 seconds.
  path: Assets/UI/flatLight23.png
  artifactKey: Guid(2347f3b67ccc4954ea24b854a721da66) Importer(815301076,1909f56bfc062723c751e8b465ee728b)
Start importing Assets/UI/flatLight23.png using Guid(2347f3b67ccc4954ea24b854a721da66) Importer(815301076,1909f56bfc062723c751e8b465ee728b)  -> (artifact id: 'eed4d3d3732142103b2c259da7045cad') in 0.008234 seconds
  Import took 0.011018 seconds .

========================================================================
Received Import Request.
  Time since last request: 0.000179 seconds.
  path: Assets/UI/flatLight47.png
  artifactKey: Guid(6d1e193346372b246bc92b1665b6ab22) Importer(815301076,1909f56bfc062723c751e8b465ee728b)
Start importing Assets/UI/flatLight47.png using Guid(6d1e193346372b246bc92b1665b6ab22) Importer(815301076,1909f56bfc062723c751e8b465ee728b)  -> (artifact id: '2a15acd2b377ea0b024962c45569f527') in 0.011885 seconds
  Import took 0.014364 seconds .

========================================================================
Received Import Request.
  Time since last request: 0.000163 seconds.
  path: Assets/UI/flatLight43.png
  artifactKey: Guid(d037f17429c90914dbc94320c6e9570e) Importer(815301076,1909f56bfc062723c751e8b465ee728b)
Start importing Assets/UI/flatLight43.png using Guid(d037f17429c90914dbc94320c6e9570e) Importer(815301076,1909f56bfc062723c751e8b465ee728b)  -> (artifact id: '23b217667df3180e4c779bf764062c90') in 0.013399 seconds
  Import took 0.015984 seconds .

========================================================================
Received Import Request.
  Time since last request: 266.755711 seconds.
  path: Assets/Script/Player.cs
  artifactKey: Guid(91467e5fce610fb40ab8b7dbed8e3da2) Importer(815301076,1909f56bfc062723c751e8b465ee728b)
Start importing Assets/Script/Player.cs using Guid(91467e5fce610fb40ab8b7dbed8e3da2) Importer(815301076,1909f56bfc062723c751e8b465ee728b)  -> (artifact id: '2a310c835c09221afeae5d1387bf29bb') in 0.006176 seconds
  Import took 0.010190 seconds .

========================================================================
Received Prepare
Registering precompiled user dll's ...
Registered in 0.004836 seconds.
Begin MonoManager ReloadAssembly
Native extension for WindowsStandalone target not found
Refreshing native plugins compatible for Editor in 0.43 ms, found 2 plugins.
Preloading 0 native plugins for Editor in 0.00 ms.
Invoked RoslynAnalysisRunner static constructor.
RoslynAnalysisRunner will not be running.
RoslynAnalysisRunner has terminated.
Mono: successfully reloaded assembly
- Completed reload, in  0.753 seconds
Platform modules already initialized, skipping
Refreshing native plugins compatible for Editor in 0.44 ms, found 2 plugins.
Preloading 0 native plugins for Editor in 0.00 ms.
Unloading 1811 Unused Serialized files (Serialized files now loaded: 0)
System memory in use before: 92.9 MB.
System memory in use after: 92.9 MB.

Unloading 28 unused Assets to reduce memory usage. Loaded Objects now: 2496.
Total: 2.142100 ms (FindLiveObjects: 0.375000 ms CreateObjectMapping: 0.106400 ms MarkObjects: 1.553100 ms  DeleteObjects: 0.106000 ms)

========================================================================
Received Import Request.
  Time since last request: 251.833856 seconds.
  path: Assets/Script/Player.cs
  artifactKey: Guid(91467e5fce610fb40ab8b7dbed8e3da2) Importer(815301076,1909f56bfc062723c751e8b465ee728b)
Start importing Assets/Script/Player.cs using Guid(91467e5fce610fb40ab8b7dbed8e3da2) Importer(815301076,1909f56bfc062723c751e8b465ee728b)  -> (artifact id: '917733e3548038ab677bfe061130756f') in 0.004559 seconds
  Import took 0.007544 seconds .

========================================================================
Received Prepare
Registering precompiled user dll's ...
Registered in 0.005560 seconds.
Begin MonoManager ReloadAssembly
Native extension for WindowsStandalone target not found
Refreshing native plugins compatible for Editor in 0.47 ms, found 2 plugins.
Preloading 0 native plugins for Editor in 0.00 ms.
Invoked RoslynAnalysisRunner static constructor.
RoslynAnalysisRunner will not be running.
RoslynAnalysisRunner has terminated.
Mono: successfully reloaded assembly
- Completed reload, in  0.748 seconds
Platform modules already initialized, skipping
Refreshing native plugins compatible for Editor in 0.60 ms, found 2 plugins.
Preloading 0 native plugins for Editor in 0.00 ms.
Unloading 1811 Unused Serialized files (Serialized files now loaded: 0)
System memory in use before: 93.1 MB.
System memory in use after: 93.1 MB.

Unloading 28 unused Assets to reduce memory usage. Loaded Objects now: 2499.
Total: 1.820400 ms (FindLiveObjects: 0.235700 ms CreateObjectMapping: 0.068600 ms MarkObjects: 1.417800 ms  DeleteObjects: 0.097400 ms)

========================================================================
Received Prepare
Registering precompiled user dll's ...
Registered in 0.005174 seconds.
Begin MonoManager ReloadAssembly
Native extension for WindowsStandalone target not found
Refreshing native plugins compatible for Editor in 0.42 ms, found 2 plugins.
Preloading 0 native plugins for Editor in 0.00 ms.
Invoked RoslynAnalysisRunner static constructor.
RoslynAnalysisRunner will not be running.
RoslynAnalysisRunner has terminated.
Mono: successfully reloaded assembly
- Completed reload, in  0.741 seconds
Platform modules already initialized, skipping
Refreshing native plugins compatible for Editor in 0.42 ms, found 2 plugins.
Preloading 0 native plugins for Editor in 0.00 ms.
Unloading 1811 Unused Serialized files (Serialized files now loaded: 0)
System memory in use before: 93.2 MB.
System memory in use after: 93.2 MB.

Unloading 28 unused Assets to reduce memory usage. Loaded Objects now: 2502.
Total: 2.433600 ms (FindLiveObjects: 0.381400 ms CreateObjectMapping: 0.087400 ms MarkObjects: 1.867800 ms  DeleteObjects: 0.095800 ms)

========================================================================
Received Prepare
Registering precompiled user dll's ...
Registered in 0.004455 seconds.
Begin MonoManager ReloadAssembly
Native extension for WindowsStandalone target not found
Refreshing native plugins compatible for Editor in 0.45 ms, found 2 plugins.
Preloading 0 native plugins for Editor in 0.00 ms.
Invoked RoslynAnalysisRunner static constructor.
RoslynAnalysisRunner will not be running.
RoslynAnalysisRunner has terminated.
Mono: successfully reloaded assembly
- Completed reload, in  0.752 seconds
Platform modules already initialized, skipping
Refreshing native plugins compatible for Editor in 0.44 ms, found 2 plugins.
Preloading 0 native plugins for Editor in 0.00 ms.
Unloading 1811 Unused Serialized files (Serialized files now loaded: 0)
System memory in use before: 93.3 MB.
System memory in use after: 93.3 MB.

Unloading 28 unused Assets to reduce memory usage. Loaded Objects now: 2505.
Total: 5.177900 ms (FindLiveObjects: 0.964000 ms CreateObjectMapping: 0.325000 ms MarkObjects: 3.531000 ms  DeleteObjects: 0.353700 ms)

========================================================================
Received Prepare
Registering precompiled user dll's ...
Registered in 0.004683 seconds.
Begin MonoManager ReloadAssembly
Native extension for WindowsStandalone target not found
Refreshing native plugins compatible for Editor in 0.42 ms, found 2 plugins.
Preloading 0 native plugins for Editor in 0.00 ms.
Invoked RoslynAnalysisRunner static constructor.
RoslynAnalysisRunner will not be running.
RoslynAnalysisRunner has terminated.
Mono: successfully reloaded assembly
- Completed reload, in  0.746 seconds
Platform modules already initialized, skipping
Refreshing native plugins compatible for Editor in 1.19 ms, found 2 plugins.
Preloading 0 native plugins for Editor in 0.00 ms.
Unloading 1811 Unused Serialized files (Serialized files now loaded: 0)
System memory in use before: 93.4 MB.
System memory in use after: 93.4 MB.

Unloading 28 unused Assets to reduce memory usage. Loaded Objects now: 2508.
Total: 1.839500 ms (FindLiveObjects: 0.212800 ms CreateObjectMapping: 0.083300 ms MarkObjects: 1.447000 ms  DeleteObjects: 0.095600 ms)

========================================================================
Received Prepare
Registering precompiled user dll's ...
Registered in 0.005411 seconds.
Begin MonoManager ReloadAssembly
Native extension for WindowsStandalone target not found
Refreshing native plugins compatible for Editor in 1.23 ms, found 2 plugins.
Preloading 0 native plugins for Editor in 0.00 ms.
Invoked RoslynAnalysisRunner static constructor.
RoslynAnalysisRunner will not be running.
RoslynAnalysisRunner has terminated.
Mono: successfully reloaded assembly
- Completed reload, in  0.763 seconds
Platform modules already initialized, skipping
Refreshing native plugins compatible for Editor in 0.43 ms, found 2 plugins.
Preloading 0 native plugins for Editor in 0.00 ms.
Unloading 1811 Unused Serialized files (Serialized files now loaded: 0)
System memory in use before: 93.5 MB.
System memory in use after: 93.5 MB.

Unloading 28 unused Assets to reduce memory usage. Loaded Objects now: 2511.
Total: 2.899800 ms (FindLiveObjects: 0.574500 ms CreateObjectMapping: 0.189400 ms MarkObjects: 2.018200 ms  DeleteObjects: 0.115600 ms)

AssetImportWorkerClient::OnTransportError - code=2 error=End of file
